[09:31:54] [modloading-worker-0/INFO] ========================================
[09:31:54] [modloading-worker-0/INFO] Minecraft: 1.20.1
[09:31:54] [modloading-worker-0/INFO] Side: server
[09:31:54] [modloading-worker-0/INFO] Development: false
[09:31:54] [modloading-worker-0/INFO] Version: 12.1.785
[09:31:54] [modloading-worker-0/INFO] Loader:
[09:31:54] [modloading-worker-0/INFO] - Forge: 47.4.20
[09:31:54] [modloading-worker-0/INFO] Dependencies:
[09:31:54] [modloading-worker-0/INFO] - Cloth Config: 11.1.136
[09:31:54] [modloading-worker-0/INFO] - Architectury: 9.2.14
[09:31:54] [modloading-worker-0/INFO] Mixin: 0.8.5
[09:31:54] [modloading-worker-0/INFO] OS: Linux 6.8.0-1052-azure (amd64)
[09:31:54] [modloading-worker-0/INFO] Java: 17.0.19 (Ubuntu)
[09:31:54] [modloading-worker-0/INFO] ========================================
[09:31:54] [modloading-worker-0/INFO] Mods:
[09:31:54] [modloading-worker-0/INFO] - alexscaves: 2.0.2
[09:31:54] [modloading-worker-0/INFO] - architectury: 9.2.14
[09:31:54] [modloading-worker-0/INFO] - brimm: 2.0.3
[09:31:54] [modloading-worker-0/INFO] - chunky: 1.3.146
[09:31:54] [modloading-worker-0/INFO] - citadel: 2.6.3
[09:31:54] [modloading-worker-0/INFO] - cloth_config: 11.1.136
[09:31:54] [modloading-worker-0/INFO] - cold_sweat: 2.4.2
[09:31:54] [modloading-worker-0/INFO] - create: 6.0.8
[09:31:54] [modloading-worker-0/INFO] - create_cold_sweat: 1.1.2
[09:31:54] [modloading-worker-0/INFO] - createbigcannons: 5.11.4
[09:31:54] [modloading-worker-0/INFO] - createnuclear: 1.3.0
[09:31:54] [modloading-worker-0/INFO] - createutilities: 0.3.2+1.20.1
[09:31:54] [modloading-worker-0/INFO] - curios: 5.14.1+1.20.1
[09:31:54] [modloading-worker-0/INFO] - dynamiclights: 1.9+mod
[09:31:54] [modloading-worker-0/INFO] - emi: 1.1.22+1.20.1+forge
[09:31:54] [modloading-worker-0/INFO] - flywheel: 1.0.5
[09:31:54] [modloading-worker-0/INFO] - forge: 47.4.20
[09:31:54] [modloading-worker-0/INFO] - geckolib: 4.8.3
[09:31:54] [modloading-worker-0/INFO] - jei: 15.20.0.130
[09:31:54] [modloading-worker-0/INFO] - minecraft: 1.20.1
[09:31:54] [modloading-worker-0/INFO] - mixinextras: 0.4.1
[09:31:54] [modloading-worker-0/INFO] - nyfsspiders: 2.1.1
[09:31:54] [modloading-worker-0/INFO] - petrolpark: 1.4.27
[09:31:54] [modloading-worker-0/INFO] - ponder: 1.0.91
[09:31:54] [modloading-worker-0/INFO] - psychadelic: 1.0.0
[09:31:54] [modloading-worker-0/INFO] - ritchiesprojectilelib: 2.1.1
[09:31:54] [modloading-worker-0/INFO] - roughlyenoughitems: 12.1.785
[09:31:54] [modloading-worker-0/INFO] - sophisticatedbackpacks: 3.24.58.1917
[09:31:54] [modloading-worker-0/INFO] - sophisticatedcore: 1.3.58.2078
[09:31:54] [modloading-worker-0/INFO] - superbwarfare: 0.8.8
[09:31:54] [modloading-worker-0/INFO] - tacz: 1.1.7-hotfix2
[09:31:54] [modloading-worker-0/INFO] - worldedit: 7.2.15+6463-5ca4dff
[09:31:54] [modloading-worker-0/INFO] - xaerolib: 1.1.15
[09:31:54] [modloading-worker-0/INFO] - xaerominimap: 25.3.13
[09:31:54] [modloading-worker-0/INFO] - xaeroworldmap: 1.40.11
[09:31:54] [modloading-worker-0/INFO] ========================================
[09:31:55] [modloading-worker-0/INFO] [REI] Registered plugin provider CoreReiCommonPlugin [sophisticatedcore] for REIPlugin
[09:31:55] [modloading-worker-0/INFO] [REI] Registered plugin provider BackpackReiCommonPlugin [sophisticatedbackpacks] for REIPlugin
[09:31:55] [modloading-worker-0/INFO] [REI] Registered plugin provider DefaultPluginImpl [roughlyenoughitems] for REIServerPlugin
[09:31:55] [modloading-worker-0/INFO] [REI] Registered plugin provider DefaultPluginImpl [roughlyenoughitems] for REIPlugin
[09:31:55] [modloading-worker-0/INFO] [REI] Registered plugin provider DefaultRuntimePlugin [roughlyenoughitems] for REIServerPlugin
[09:31:55] [modloading-worker-0/INFO] [REI] Registered plugin provider DefaultRuntimePlugin [roughlyenoughitems] for REIPlugin
[09:31:55] [modloading-worker-0/INFO] [REI] Registered plugin provider CoreReiCommonPlugin [sophisticatedcore] for REIServerPlugin
[09:31:55] [modloading-worker-0/INFO] [REI] Registered plugin provider BackpackReiCommonPlugin [sophisticatedbackpacks] for REIServerPlugin
[09:32:21] [Worker-Main-2/DEBUG] [REI] Processed 1 tags in 521.0 μs for minecraft:painting_variant
[09:32:21] [Worker-Main-1/DEBUG] [REI] Processed 2 tags in 1.183 ms for minecraft:cat_variant
[09:32:21] [Worker-Main-3/DEBUG] [REI] Processed 5 tags in 2.878 ms for minecraft:game_event
[09:32:21] [Worker-Main-1/DEBUG] [REI] Processed 0 tags in 5.020 μs for minecraft:dimension_type
[09:32:21] [Worker-Main-1/DEBUG] [REI] Processed 2 tags in 19.62 μs for create:mounted_item_storage_type
[09:32:21] [Worker-Main-1/DEBUG] [REI] Processed 0 tags in 4.749 μs for cold_sweat:item/insulator
[09:32:21] [Worker-Main-1/DEBUG] [REI] Processed 0 tags in 13.97 μs for minecraft:worldgen/structure
[09:32:21] [Worker-Main-1/DEBUG] [REI] Processed 27 tags in 118.8 μs for minecraft:fluid
[09:32:21] [Worker-Main-2/DEBUG] [REI] Processed 0 tags in 22.88 μs for minecraft:damage_type
[09:32:21] [Worker-Main-2/DEBUG] [REI] Processed 3 tags in 105.2 μs for minecraft:menu
[09:32:21] [Worker-Main-1/DEBUG] [REI] Processed 0 tags in 67.09 μs for minecraft:worldgen/biome
[09:32:21] [Worker-Main-1/DEBUG] [REI] Processed 1 tags in 16.60 μs for minecraft:recipe_serializer
[09:32:21] [Worker-Main-1/DEBUG] [REI] Processed 0 tags in 9.768 μs for minecraft:worldgen/flat_level_generator_preset
[09:32:21] [Worker-Main-1/DEBUG] [REI] Processed 59 tags in 462.5 μs for minecraft:entity_type
[09:32:21] [Worker-Main-1/DEBUG] [REI] Processed 3 tags in 36.95 μs for minecraft:instrument
[09:32:21] [Worker-Main-1/DEBUG] [REI] Processed 3 tags in 88.21 μs for minecraft:point_of_interest_type
[09:32:21] [Worker-Main-1/DEBUG] [REI] Processed 0 tags in 6.953 μs for minecraft:worldgen/world_preset
[09:32:21] [Worker-Main-1/DEBUG] [REI] Processed 1 tags in 9.908 μs for minecraft:mob_effect
[09:32:21] [Worker-Main-1/DEBUG] [REI] Processed 2 tags in 31.47 μs for create:contraption_type
[09:32:21] [Worker-Main-1/DEBUG] [REI] Processed 7 tags in 63.53 μs for minecraft:banner_pattern
[09:32:21] [Worker-Main-1/DEBUG] [REI] Processed 0 tags in 5.691 μs for minecraft:worldgen/structure_set
[09:32:21] [Worker-Main-3/DEBUG] [REI] Processed 553 tags in 5.758 ms for minecraft:item
[09:32:21] [Worker-Main-2/DEBUG] [REI] Processed 425 tags in 5.802 ms for minecraft:block
[09:32:23] [main/DEBUG] [REI] Starting Reload Plugins of stage null
java.lang.Throwable
	at TRANSFORMER/roughlyenoughitems@12.1.785/me.shedaniel.rei.impl.common.plugins.ReloadManagerImpl.reloadPlugins(ReloadManagerImpl.java:110)
	at TRANSFORMER/roughlyenoughitems@12.1.785/me.shedaniel.rei.RoughlyEnoughItemsCore.lambda$onInitialize$5(RoughlyEnoughItemsCore.java:163)
	at java.base/java.util.concurrent.CompletableFuture$UniRun.tryFire(CompletableFuture.java:787)
	at java.base/java.util.concurrent.CompletableFuture$Completion.run(CompletableFuture.java:482)
	at TRANSFORMER/minecraft@1.20.1/net.minecraft.server.packs.resources.SimpleReloadInstance.m_143940_(SimpleReloadInstance.java:69)
	at TRANSFORMER/minecraft@1.20.1/net.minecraft.Util.m_214652_(Util.java:783)
	at TRANSFORMER/minecraft@1.20.1/net.minecraft.Util.m_214679_(Util.java:772)
	at TRANSFORMER/minecraft@1.20.1/net.minecraft.server.Main.main(Main.java:166)
	at java.base/jdk.internal.reflect.NativeMethodAccessorImpl.invoke0(Native Method)
	at java.base/jdk.internal.reflect.NativeMethodAccessorImpl.invoke(NativeMethodAccessorImpl.java:77)
	at java.base/jdk.internal.reflect.DelegatingMethodAccessorImpl.invoke(DelegatingMethodAccessorImpl.java:43)
	at java.base/java.lang.reflect.Method.invoke(Method.java:569)
	at MC-BOOTSTRAP/fmlloader@1.20.1-47.4.20/net.minecraftforge.fml.loading.targets.CommonLaunchHandler.runTarget(CommonLaunchHandler.java:111)
	at MC-BOOTSTRAP/fmlloader@1.20.1-47.4.20/net.minecraftforge.fml.loading.targets.CommonLaunchHandler.serverService(CommonLaunchHandler.java:103)
	at MC-BOOTSTRAP/fmlloader@1.20.1-47.4.20/net.minecraftforge.fml.loading.targets.CommonServerLaunchHandler.lambda$makeService$0(CommonServerLaunchHandler.java:27)
	at MC-BOOTSTRAP/cpw.mods.modlauncher@10.0.9/cpw.mods.modlauncher.LaunchServiceHandlerDecorator.launch(LaunchServiceHandlerDecorator.java:30)
	at MC-BOOTSTRAP/cpw.mods.modlauncher@10.0.9/cpw.mods.modlauncher.LaunchServiceHandler.launch(LaunchServiceHandler.java:53)
	at MC-BOOTSTRAP/cpw.mods.modlauncher@10.0.9/cpw.mods.modlauncher.LaunchServiceHandler.launch(LaunchServiceHandler.java:71)
	at MC-BOOTSTRAP/cpw.mods.modlauncher@10.0.9/cpw.mods.modlauncher.Launcher.run(Launcher.java:108)
	at MC-BOOTSTRAP/cpw.mods.modlauncher@10.0.9/cpw.mods.modlauncher.Launcher.main(Launcher.java:78)
	at MC-BOOTSTRAP/cpw.mods.modlauncher@10.0.9/cpw.mods.modlauncher.BootstrapLaunchConsumer.accept(BootstrapLaunchConsumer.java:26)
	at MC-BOOTSTRAP/cpw.mods.modlauncher@10.0.9/cpw.mods.modlauncher.BootstrapLaunchConsumer.accept(BootstrapLaunchConsumer.java:23)
	at cpw.mods.bootstraplauncher@1.1.2/cpw.mods.bootstraplauncher.BootstrapLauncher.main(BootstrapLauncher.java:141)
[09:32:23] [main/DEBUG] [REI] ========================================
[09:32:23] [main/DEBUG] [REI] REIPlugin starting pre-reload for START.
[09:32:23] [main/DEBUG] [REI] Reloadables (7):
[09:32:23] [main/DEBUG] [REI]  - EntryTypeRegistryImpl
[09:32:23] [main/DEBUG] [REI]  - EntrySettingsAdapterRegistryImpl
[09:32:23] [main/DEBUG] [REI]  - RecipeManagerContextImpl
[09:32:23] [main/DEBUG] [REI]  - ItemComparatorRegistryImpl
[09:32:23] [main/DEBUG] [REI]  - FluidComparatorRegistryImpl
[09:32:23] [main/DEBUG] [REI]  - DisplaySerializerRegistryImpl
[09:32:23] [main/DEBUG] [REI]  - FluidSupportProviderImpl
[09:32:23] [main/DEBUG] [REI] Plugins (4):
[09:32:23] [main/DEBUG] [REI]  - (-100.00) DefaultPluginImpl of DefaultPluginImpl [roughlyenoughitems]
[09:32:23] [main/DEBUG] [REI]  - (0.00) DefaultRuntimePlugin of DefaultRuntimePlugin [roughlyenoughitems]
[09:32:23] [main/DEBUG] [REI]  - (0.00) BackpackReiCommonPlugin of BackpackReiCommonPlugin [sophisticatedbackpacks]
[09:32:23] [main/DEBUG] [REI]  - (0.00) CoreReiCommonPlugin of CoreReiCommonPlugin [sophisticatedcore]
[09:32:23] [main/DEBUG] [REI] ========================================
[09:32:23] [main/TRACE] [REI] [REIPlugin START] Reloading Section: "pre-register/"
[09:32:23] [main/TRACE] [REI] [REIPlugin START] Reloading Section: "pre-register/DefaultPluginImpl of DefaultPluginImpl [roughlyenoughitems]/"
[09:32:23] [main/TRACE] [REI] [REIPlugin START] Reloading Section: "pre-register/DefaultPluginImpl of DefaultPluginImpl [roughlyenoughitems]/" done in 880.1 μs
[09:32:23] [main/TRACE] [REI] [REIPlugin START] Reloading Section: "pre-register/DefaultRuntimePlugin of DefaultRuntimePlugin [roughlyenoughitems]/"
[09:32:23] [main/TRACE] [REI] [REIPlugin START] Reloading Section: "pre-register/DefaultRuntimePlugin of DefaultRuntimePlugin [roughlyenoughitems]/" done in 64.35 μs
[09:32:23] [main/TRACE] [REI] [REIPlugin START] Reloading Section: "pre-register/BackpackReiCommonPlugin of BackpackReiCommonPlugin [sophisticatedbackpacks]/"
[09:32:23] [main/TRACE] [REI] [REIPlugin START] Reloading Section: "pre-register/BackpackReiCommonPlugin of BackpackReiCommonPlugin [sophisticatedbackpacks]/" done in 103.3 μs
[09:32:23] [main/TRACE] [REI] [REIPlugin START] Reloading Section: "pre-register/CoreReiCommonPlugin of CoreReiCommonPlugin [sophisticatedcore]/"
[09:32:23] [main/TRACE] [REI] [REIPlugin START] Reloading Section: "pre-register/CoreReiCommonPlugin of CoreReiCommonPlugin [sophisticatedcore]/" done in 55.47 μs
[09:32:23] [main/TRACE] [REI] [REIPlugin START] Reloading Section: "pre-register/" done in 18.80 ms
[09:32:23] [main/TRACE] [REI] [REIPlugin START] Reloading Section: "pre-stage/"
[09:32:23] [main/TRACE] [REI] [REIPlugin START] Reloading Section: "pre-stage/EntryTypeRegistryImpl/"
[09:32:23] [main/TRACE] [REI] [REIPlugin START] Reloading Section: "pre-stage/EntryTypeRegistryImpl/" done in 270.9 μs
[09:32:23] [main/TRACE] [REI] [REIPlugin START] Reloading Section: "pre-stage/EntrySettingsAdapterRegistryImpl/"
[09:32:23] [main/TRACE] [REI] [REIPlugin START] Reloading Section: "pre-stage/EntrySettingsAdapterRegistryImpl/" done in 71.31 μs
[09:32:23] [main/TRACE] [REI] [REIPlugin START] Reloading Section: "pre-stage/RecipeManagerContextImpl/"
[09:32:23] [main/TRACE] [REI] [REIPlugin START] Reloading Section: "pre-stage/RecipeManagerContextImpl/" done in 65.92 μs
[09:32:23] [main/TRACE] [REI] [REIPlugin START] Reloading Section: "pre-stage/ItemComparatorRegistryImpl/"
[09:32:23] [main/TRACE] [REI] [REIPlugin START] Reloading Section: "pre-stage/ItemComparatorRegistryImpl/" done in 54.46 μs
[09:32:23] [main/TRACE] [REI] [REIPlugin START] Reloading Section: "pre-stage/FluidComparatorRegistryImpl/"
[09:32:23] [main/TRACE] [REI] [REIPlugin START] Reloading Section: "pre-stage/FluidComparatorRegistryImpl/" done in 56.64 μs
[09:32:23] [main/TRACE] [REI] [REIPlugin START] Reloading Section: "pre-stage/DisplaySerializerRegistryImpl/"
[09:32:23] [main/TRACE] [REI] [REIPlugin START] Reloading Section: "pre-stage/DisplaySerializerRegistryImpl/" done in 54.73 μs
[09:32:23] [main/TRACE] [REI] [REIPlugin START] Reloading Section: "pre-stage/FluidSupportProviderImpl/"
[09:32:23] [main/TRACE] [REI] [REIPlugin START] Reloading Section: "pre-stage/FluidSupportProviderImpl/" done in 82.19 μs
[09:32:23] [main/TRACE] [REI] [REIPlugin START] Reloading Section: "pre-stage/" done in 1.693 ms
[09:32:23] [main/DEBUG] [REI] ========================================
[09:32:23] [main/DEBUG] [REI] REIPlugin finished pre-reload for START in 21.35 ms.
[09:32:23] [main/DEBUG] [REI] ========================================
[09:32:23] [main/DEBUG] [REI] ========================================
[09:32:23] [main/DEBUG] [REI] REIServerPlugin starting pre-reload for START.
[09:32:23] [main/DEBUG] [REI] Reloadables (2):
[09:32:23] [main/DEBUG] [REI]  - MenuInfoRegistryImpl
[09:32:23] [main/DEBUG] [REI]  - SlotAccessorRegistryImpl
[09:32:23] [main/DEBUG] [REI] Plugins (4):
[09:32:23] [main/DEBUG] [REI]  - (-100.00) DefaultPluginImpl of DefaultPluginImpl [roughlyenoughitems]
[09:32:23] [main/DEBUG] [REI]  - (0.00) BackpackReiCommonPlugin of BackpackReiCommonPlugin [sophisticatedbackpacks]
[09:32:23] [main/DEBUG] [REI]  - (0.00) CoreReiCommonPlugin of CoreReiCommonPlugin [sophisticatedcore]
[09:32:23] [main/DEBUG] [REI]  - (0.00) DefaultRuntimePlugin of DefaultRuntimePlugin [roughlyenoughitems]
[09:32:23] [main/DEBUG] [REI] ========================================
[09:32:23] [main/TRACE] [REI] [REIServerPlugin START] Reloading Section: "pre-register/"
[09:32:23] [main/TRACE] [REI] [REIServerPlugin START] Reloading Section: "pre-register/DefaultPluginImpl of DefaultPluginImpl [roughlyenoughitems]/"
[09:32:23] [main/TRACE] [REI] [REIServerPlugin START] Reloading Section: "pre-register/DefaultPluginImpl of DefaultPluginImpl [roughlyenoughitems]/" done in 63.70 μs
[09:32:23] [main/TRACE] [REI] [REIServerPlugin START] Reloading Section: "pre-register/BackpackReiCommonPlugin of BackpackReiCommonPlugin [sophisticatedbackpacks]/"
[09:32:23] [main/TRACE] [REI] [REIServerPlugin START] Reloading Section: "pre-register/BackpackReiCommonPlugin of BackpackReiCommonPlugin [sophisticatedbackpacks]/" done in 65.43 μs
[09:32:23] [main/TRACE] [REI] [REIServerPlugin START] Reloading Section: "pre-register/CoreReiCommonPlugin of CoreReiCommonPlugin [sophisticatedcore]/"
[09:32:23] [main/TRACE] [REI] [REIServerPlugin START] Reloading Section: "pre-register/CoreReiCommonPlugin of CoreReiCommonPlugin [sophisticatedcore]/" done in 65.01 μs
[09:32:23] [main/TRACE] [REI] [REIServerPlugin START] Reloading Section: "pre-register/DefaultRuntimePlugin of DefaultRuntimePlugin [roughlyenoughitems]/"
[09:32:23] [main/TRACE] [REI] [REIServerPlugin START] Reloading Section: "pre-register/DefaultRuntimePlugin of DefaultRuntimePlugin [roughlyenoughitems]/" done in 53.79 μs
[09:32:23] [main/TRACE] [REI] [REIServerPlugin START] Reloading Section: "pre-register/" done in 1.186 ms
[09:32:23] [main/TRACE] [REI] [REIServerPlugin START] Reloading Section: "pre-stage/"
[09:32:23] [main/TRACE] [REI] [REIServerPlugin START] Reloading Section: "pre-stage/MenuInfoRegistryImpl/"
[09:32:23] [main/TRACE] [REI] [REIServerPlugin START] Reloading Section: "pre-stage/MenuInfoRegistryImpl/" done in 40.09 μs
[09:32:23] [main/TRACE] [REI] [REIServerPlugin START] Reloading Section: "pre-stage/SlotAccessorRegistryImpl/"
[09:32:23] [main/TRACE] [REI] [REIServerPlugin START] Reloading Section: "pre-stage/SlotAccessorRegistryImpl/" done in 51.81 μs
[09:32:23] [main/TRACE] [REI] [REIServerPlugin START] Reloading Section: "pre-stage/" done in 367.1 μs
[09:32:23] [main/DEBUG] [REI] ========================================
[09:32:23] [main/DEBUG] [REI] REIServerPlugin finished pre-reload for START in 1.752 ms.
[09:32:23] [main/DEBUG] [REI] ========================================
[09:32:23] [main/INFO] [REI] ========================================
[09:32:23] [main/INFO] [REI] REIPlugin starting main-reload for START.
[09:32:23] [main/DEBUG] [REI] Reloadables (7):
[09:32:23] [main/DEBUG] [REI]  - EntryTypeRegistryImpl
[09:32:23] [main/DEBUG] [REI]  - EntrySettingsAdapterRegistryImpl
[09:32:23] [main/DEBUG] [REI]  - RecipeManagerContextImpl
[09:32:23] [main/DEBUG] [REI]  - ItemComparatorRegistryImpl
[09:32:23] [main/DEBUG] [REI]  - FluidComparatorRegistryImpl
[09:32:23] [main/DEBUG] [REI]  - DisplaySerializerRegistryImpl
[09:32:23] [main/DEBUG] [REI]  - FluidSupportProviderImpl
[09:32:23] [main/INFO] [REI] Plugins (4):
[09:32:23] [main/INFO] [REI]  - (-100.00) DefaultPluginImpl of DefaultPluginImpl [roughlyenoughitems]
[09:32:23] [main/INFO] [REI]  - (0.00) DefaultRuntimePlugin of DefaultRuntimePlugin [roughlyenoughitems]
[09:32:23] [main/INFO] [REI]  - (0.00) BackpackReiCommonPlugin of BackpackReiCommonPlugin [sophisticatedbackpacks]
[09:32:23] [main/INFO] [REI]  - (0.00) CoreReiCommonPlugin of CoreReiCommonPlugin [sophisticatedcore]
[09:32:23] [main/INFO] [REI] ========================================
[09:32:23] [main/TRACE] [REI] [REIPlugin START] Reloading Section: "start-reload/"
[09:32:23] [main/TRACE] [REI] [REIPlugin START] Reloading Section: "start-reload/EntryTypeRegistryImpl/"
[09:32:23] [main/TRACE] [REI] [REIPlugin START] Reloading Section: "start-reload/EntryTypeRegistryImpl/" done in 94.57 μs
[09:32:23] [main/TRACE] [REI] [REIPlugin START] Reloading Section: "start-reload/EntrySettingsAdapterRegistryImpl/"
[09:32:23] [main/TRACE] [REI] [REIPlugin START] Reloading Section: "start-reload/EntrySettingsAdapterRegistryImpl/" done in 61.62 μs
[09:32:23] [main/TRACE] [REI] [REIPlugin START] Reloading Section: "start-reload/RecipeManagerContextImpl/"
[09:32:23] [main/TRACE] [REI] [REIPlugin START] Reloading Section: "start-reload/RecipeManagerContextImpl/" done in 57.08 μs
[09:32:23] [main/TRACE] [REI] [REIPlugin START] Reloading Section: "start-reload/ItemComparatorRegistryImpl/"
[09:32:23] [main/TRACE] [REI] [REIPlugin START] Reloading Section: "start-reload/ItemComparatorRegistryImpl/" done in 78.42 μs
[09:32:23] [main/TRACE] [REI] [REIPlugin START] Reloading Section: "start-reload/FluidComparatorRegistryImpl/"
[09:32:23] [main/TRACE] [REI] [REIPlugin START] Reloading Section: "start-reload/FluidComparatorRegistryImpl/" done in 79.68 μs
[09:32:23] [main/TRACE] [REI] [REIPlugin START] Reloading Section: "start-reload/DisplaySerializerRegistryImpl/"
[09:32:23] [main/TRACE] [REI] [REIPlugin START] Reloading Section: "start-reload/DisplaySerializerRegistryImpl/" done in 55.20 μs
[09:32:23] [main/TRACE] [REI] [REIPlugin START] Reloading Section: "start-reload/FluidSupportProviderImpl/"
[09:32:23] [main/TRACE] [REI] [REIPlugin START] Reloading Section: "start-reload/FluidSupportProviderImpl/" done in 71.36 μs
[09:32:23] [main/TRACE] [REI] [REIPlugin START] Reloading Section: "start-reload/" done in 1.371 ms
[09:32:23] [main/DEBUG] [REI] ========================================
[09:32:23] [main/DEBUG] [REI] REIPlugin started main-reload for START.
[09:32:23] [main/DEBUG] [REI] ========================================
[09:32:23] [main/TRACE] [REI] [REIPlugin START] Reloading Section: "reloadable-plugin/EntryTypeRegistryImpl/"
[09:32:23] [main/TRACE] [REI] [REIPlugin START] Reloading Section: "reloadable-plugin/EntryTypeRegistryImpl/DefaultPluginImpl of DefaultPluginImpl [roughlyenoughitems]/"
[09:32:23] [main/TRACE] [REI] [REIPlugin START] Reloading Section: "reloadable-plugin/EntryTypeRegistryImpl/DefaultPluginImpl of DefaultPluginImpl [roughlyenoughitems]/" done in 317.2 μs
[09:32:23] [main/TRACE] [REI] [REIPlugin START] Reloading Section: "reloadable-plugin/EntryTypeRegistryImpl/DefaultRuntimePlugin of DefaultRuntimePlugin [roughlyenoughitems]/"
[09:32:23] [main/TRACE] [REI] [REIPlugin START] Reloading Section: "reloadable-plugin/EntryTypeRegistryImpl/DefaultRuntimePlugin of DefaultRuntimePlugin [roughlyenoughitems]/" done in 5.677 ms
[09:32:23] [main/TRACE] [REI] [REIPlugin START] Reloading Section: "reloadable-plugin/EntryTypeRegistryImpl/BackpackReiCommonPlugin of BackpackReiCommonPlugin [sophisticatedbackpacks]/"
[09:32:23] [main/TRACE] [REI] [REIPlugin START] Reloading Section: "reloadable-plugin/EntryTypeRegistryImpl/BackpackReiCommonPlugin of BackpackReiCommonPlugin [sophisticatedbackpacks]/" done in 57.07 μs
[09:32:23] [main/TRACE] [REI] [REIPlugin START] Reloading Section: "reloadable-plugin/EntryTypeRegistryImpl/CoreReiCommonPlugin of CoreReiCommonPlugin [sophisticatedcore]/"
[09:32:23] [main/TRACE] [REI] [REIPlugin START] Reloading Section: "reloadable-plugin/EntryTypeRegistryImpl/CoreReiCommonPlugin of CoreReiCommonPlugin [sophisticatedcore]/" done in 53.76 μs
[09:32:23] [main/TRACE] [REI] [REIPlugin START] Reloading Section: "reloadable-plugin/EntryTypeRegistryImpl/" done in 7.142 ms
[09:32:23] [main/TRACE] [REI] [REIPlugin START] Reloading Section: "reloadable-plugin/EntrySettingsAdapterRegistryImpl/"
[09:32:23] [main/TRACE] [REI] [REIPlugin START] Reloading Section: "reloadable-plugin/EntrySettingsAdapterRegistryImpl/DefaultPluginImpl of DefaultPluginImpl [roughlyenoughitems]/"
[09:32:23] [main/TRACE] [REI] [REIPlugin START] Reloading Section: "reloadable-plugin/EntrySettingsAdapterRegistryImpl/DefaultPluginImpl of DefaultPluginImpl [roughlyenoughitems]/" done in 56.36 μs
[09:32:23] [main/TRACE] [REI] [REIPlugin START] Reloading Section: "reloadable-plugin/EntrySettingsAdapterRegistryImpl/DefaultRuntimePlugin of DefaultRuntimePlugin [roughlyenoughitems]/"
[09:32:23] [main/TRACE] [REI] [REIPlugin START] Reloading Section: "reloadable-plugin/EntrySettingsAdapterRegistryImpl/DefaultRuntimePlugin of DefaultRuntimePlugin [roughlyenoughitems]/" done in 54.55 μs
[09:32:23] [main/TRACE] [REI] [REIPlugin START] Reloading Section: "reloadable-plugin/EntrySettingsAdapterRegistryImpl/BackpackReiCommonPlugin of BackpackReiCommonPlugin [sophisticatedbackpacks]/"
[09:32:23] [main/TRACE] [REI] [REIPlugin START] Reloading Section: "reloadable-plugin/EntrySettingsAdapterRegistryImpl/BackpackReiCommonPlugin of BackpackReiCommonPlugin [sophisticatedbackpacks]/" done in 64.88 μs
[09:32:23] [main/TRACE] [REI] [REIPlugin START] Reloading Section: "reloadable-plugin/EntrySettingsAdapterRegistryImpl/CoreReiCommonPlugin of CoreReiCommonPlugin [sophisticatedcore]/"
[09:32:23] [main/TRACE] [REI] [REIPlugin START] Reloading Section: "reloadable-plugin/EntrySettingsAdapterRegistryImpl/CoreReiCommonPlugin of CoreReiCommonPlugin [sophisticatedcore]/" done in 52.89 μs
[09:32:23] [main/TRACE] [REI] [REIPlugin START] Reloading Section: "reloadable-plugin/EntrySettingsAdapterRegistryImpl/" done in 758.3 μs
[09:32:23] [main/TRACE] [REI] [REIPlugin START] Reloading Section: "reloadable-plugin/RecipeManagerContextImpl/"
[09:32:23] [main/TRACE] [REI] [REIPlugin START] Reloading Section: "reloadable-plugin/RecipeManagerContextImpl/DefaultPluginImpl of DefaultPluginImpl [roughlyenoughitems]/"
[09:32:23] [main/TRACE] [REI] [REIPlugin START] Reloading Section: "reloadable-plugin/RecipeManagerContextImpl/DefaultPluginImpl of DefaultPluginImpl [roughlyenoughitems]/" done in 53.55 μs
[09:32:23] [main/TRACE] [REI] [REIPlugin START] Reloading Section: "reloadable-plugin/RecipeManagerContextImpl/DefaultRuntimePlugin of DefaultRuntimePlugin [roughlyenoughitems]/"
[09:32:23] [main/TRACE] [REI] [REIPlugin START] Reloading Section: "reloadable-plugin/RecipeManagerContextImpl/DefaultRuntimePlugin of DefaultRuntimePlugin [roughlyenoughitems]/" done in 49.65 μs
[09:32:23] [main/TRACE] [REI] [REIPlugin START] Reloading Section: "reloadable-plugin/RecipeManagerContextImpl/BackpackReiCommonPlugin of BackpackReiCommonPlugin [sophisticatedbackpacks]/"
[09:32:23] [main/TRACE] [REI] [REIPlugin START] Reloading Section: "reloadable-plugin/RecipeManagerContextImpl/BackpackReiCommonPlugin of BackpackReiCommonPlugin [sophisticatedbackpacks]/" done in 48.89 μs
[09:32:23] [main/TRACE] [REI] [REIPlugin START] Reloading Section: "reloadable-plugin/RecipeManagerContextImpl/CoreReiCommonPlugin of CoreReiCommonPlugin [sophisticatedcore]/"
[09:32:23] [main/TRACE] [REI] [REIPlugin START] Reloading Section: "reloadable-plugin/RecipeManagerContextImpl/CoreReiCommonPlugin of CoreReiCommonPlugin [sophisticatedcore]/" done in 75.93 μs
[09:32:23] [main/TRACE] [REI] [REIPlugin START] Reloading Section: "reloadable-plugin/RecipeManagerContextImpl/" done in 741.7 μs
[09:32:23] [main/TRACE] [REI] [REIPlugin START] Reloading Section: "reloadable-plugin/ItemComparatorRegistryImpl/"
[09:32:23] [main/TRACE] [REI] [REIPlugin START] Reloading Section: "reloadable-plugin/ItemComparatorRegistryImpl/DefaultPluginImpl of DefaultPluginImpl [roughlyenoughitems]/"
[09:32:23] [main/TRACE] [REI] [REIPlugin START] Reloading Section: "reloadable-plugin/ItemComparatorRegistryImpl/DefaultPluginImpl of DefaultPluginImpl [roughlyenoughitems]/" done in 1.086 ms
[09:32:23] [main/TRACE] [REI] [REIPlugin START] Reloading Section: "reloadable-plugin/ItemComparatorRegistryImpl/DefaultRuntimePlugin of DefaultRuntimePlugin [roughlyenoughitems]/"
[09:32:23] [main/TRACE] [REI] [REIPlugin START] Reloading Section: "reloadable-plugin/ItemComparatorRegistryImpl/DefaultRuntimePlugin of DefaultRuntimePlugin [roughlyenoughitems]/" done in 61.09 μs
[09:32:23] [main/TRACE] [REI] [REIPlugin START] Reloading Section: "reloadable-plugin/ItemComparatorRegistryImpl/BackpackReiCommonPlugin of BackpackReiCommonPlugin [sophisticatedbackpacks]/"
[09:32:23] [main/TRACE] [REI] [REIPlugin START] Reloading Section: "reloadable-plugin/ItemComparatorRegistryImpl/BackpackReiCommonPlugin of BackpackReiCommonPlugin [sophisticatedbackpacks]/" done in 4.002 ms
[09:32:23] [main/TRACE] [REI] [REIPlugin START] Reloading Section: "reloadable-plugin/ItemComparatorRegistryImpl/CoreReiCommonPlugin of CoreReiCommonPlugin [sophisticatedcore]/"
[09:32:23] [main/TRACE] [REI] [REIPlugin START] Reloading Section: "reloadable-plugin/ItemComparatorRegistryImpl/CoreReiCommonPlugin of CoreReiCommonPlugin [sophisticatedcore]/" done in 57.27 μs
[09:32:23] [main/TRACE] [REI] [REIPlugin START] Reloading Section: "reloadable-plugin/ItemComparatorRegistryImpl/" done in 5.799 ms
[09:32:23] [main/TRACE] [REI] [REIPlugin START] Reloading Section: "reloadable-plugin/FluidComparatorRegistryImpl/"
[09:32:23] [main/TRACE] [REI] [REIPlugin START] Reloading Section: "reloadable-plugin/FluidComparatorRegistryImpl/DefaultPluginImpl of DefaultPluginImpl [roughlyenoughitems]/"
[09:32:23] [main/TRACE] [REI] [REIPlugin START] Reloading Section: "reloadable-plugin/FluidComparatorRegistryImpl/DefaultPluginImpl of DefaultPluginImpl [roughlyenoughitems]/" done in 64.64 μs
[09:32:23] [main/TRACE] [REI] [REIPlugin START] Reloading Section: "reloadable-plugin/FluidComparatorRegistryImpl/DefaultRuntimePlugin of DefaultRuntimePlugin [roughlyenoughitems]/"
[09:32:23] [main/TRACE] [REI] [REIPlugin START] Reloading Section: "reloadable-plugin/FluidComparatorRegistryImpl/DefaultRuntimePlugin of DefaultRuntimePlugin [roughlyenoughitems]/" done in 51.13 μs
[09:32:23] [main/TRACE] [REI] [REIPlugin START] Reloading Section: "reloadable-plugin/FluidComparatorRegistryImpl/BackpackReiCommonPlugin of BackpackReiCommonPlugin [sophisticatedbackpacks]/"
[09:32:23] [main/TRACE] [REI] [REIPlugin START] Reloading Section: "reloadable-plugin/FluidComparatorRegistryImpl/BackpackReiCommonPlugin of BackpackReiCommonPlugin [sophisticatedbackpacks]/" done in 67.92 μs
[09:32:23] [main/TRACE] [REI] [REIPlugin START] Reloading Section: "reloadable-plugin/FluidComparatorRegistryImpl/CoreReiCommonPlugin of CoreReiCommonPlugin [sophisticatedcore]/"
[09:32:23] [main/TRACE] [REI] [REIPlugin START] Reloading Section: "reloadable-plugin/FluidComparatorRegistryImpl/CoreReiCommonPlugin of CoreReiCommonPlugin [sophisticatedcore]/" done in 68.04 μs
[09:32:23] [main/TRACE] [REI] [REIPlugin START] Reloading Section: "reloadable-plugin/FluidComparatorRegistryImpl/" done in 811.1 μs
[09:32:23] [main/TRACE] [REI] [REIPlugin START] Reloading Section: "reloadable-plugin/DisplaySerializerRegistryImpl/"
[09:32:23] [main/TRACE] [REI] [REIPlugin START] Reloading Section: "reloadable-plugin/DisplaySerializerRegistryImpl/DefaultPluginImpl of DefaultPluginImpl [roughlyenoughitems]/"
[09:32:23] [main/TRACE] [REI] [REIPlugin START] Reloading Section: "reloadable-plugin/DisplaySerializerRegistryImpl/DefaultPluginImpl of DefaultPluginImpl [roughlyenoughitems]/" done in 53.45 μs
[09:32:23] [main/TRACE] [REI] [REIPlugin START] Reloading Section: "reloadable-plugin/DisplaySerializerRegistryImpl/DefaultRuntimePlugin of DefaultRuntimePlugin [roughlyenoughitems]/"
[09:32:23] [main/TRACE] [REI] [REIPlugin START] Reloading Section: "reloadable-plugin/DisplaySerializerRegistryImpl/DefaultRuntimePlugin of DefaultRuntimePlugin [roughlyenoughitems]/" done in 70.29 μs
[09:32:23] [main/TRACE] [REI] [REIPlugin START] Reloading Section: "reloadable-plugin/DisplaySerializerRegistryImpl/BackpackReiCommonPlugin of BackpackReiCommonPlugin [sophisticatedbackpacks]/"
[09:32:23] [main/TRACE] [REI] [REIPlugin START] Reloading Section: "reloadable-plugin/DisplaySerializerRegistryImpl/BackpackReiCommonPlugin of BackpackReiCommonPlugin [sophisticatedbackpacks]/" done in 53.73 μs
[09:32:23] [main/TRACE] [REI] [REIPlugin START] Reloading Section: "reloadable-plugin/DisplaySerializerRegistryImpl/CoreReiCommonPlugin of CoreReiCommonPlugin [sophisticatedcore]/"
[09:32:23] [main/TRACE] [REI] [REIPlugin START] Reloading Section: "reloadable-plugin/DisplaySerializerRegistryImpl/CoreReiCommonPlugin of CoreReiCommonPlugin [sophisticatedcore]/" done in 46.96 μs
[09:32:23] [main/TRACE] [REI] [REIPlugin START] Reloading Section: "reloadable-plugin/DisplaySerializerRegistryImpl/" done in 809.1 μs
[09:32:23] [main/TRACE] [REI] [REIPlugin START] Reloading Section: "reloadable-plugin/FluidSupportProviderImpl/"
[09:32:23] [main/TRACE] [REI] [REIPlugin START] Reloading Section: "reloadable-plugin/FluidSupportProviderImpl/DefaultPluginImpl of DefaultPluginImpl [roughlyenoughitems]/"
[09:32:23] [main/TRACE] [REI] [REIPlugin START] Reloading Section: "reloadable-plugin/FluidSupportProviderImpl/DefaultPluginImpl of DefaultPluginImpl [roughlyenoughitems]/" done in 624.3 μs
[09:32:23] [main/TRACE] [REI] [REIPlugin START] Reloading Section: "reloadable-plugin/FluidSupportProviderImpl/DefaultRuntimePlugin of DefaultRuntimePlugin [roughlyenoughitems]/"
[09:32:23] [main/TRACE] [REI] [REIPlugin START] Reloading Section: "reloadable-plugin/FluidSupportProviderImpl/DefaultRuntimePlugin of DefaultRuntimePlugin [roughlyenoughitems]/" done in 61.30 μs
[09:32:23] [main/TRACE] [REI] [REIPlugin START] Reloading Section: "reloadable-plugin/FluidSupportProviderImpl/BackpackReiCommonPlugin of BackpackReiCommonPlugin [sophisticatedbackpacks]/"
[09:32:23] [main/TRACE] [REI] [REIPlugin START] Reloading Section: "reloadable-plugin/FluidSupportProviderImpl/BackpackReiCommonPlugin of BackpackReiCommonPlugin [sophisticatedbackpacks]/" done in 55.54 μs
[09:32:23] [main/TRACE] [REI] [REIPlugin START] Reloading Section: "reloadable-plugin/FluidSupportProviderImpl/CoreReiCommonPlugin of CoreReiCommonPlugin [sophisticatedcore]/"
[09:32:23] [main/TRACE] [REI] [REIPlugin START] Reloading Section: "reloadable-plugin/FluidSupportProviderImpl/CoreReiCommonPlugin of CoreReiCommonPlugin [sophisticatedcore]/" done in 65.58 μs
[09:32:23] [main/TRACE] [REI] [REIPlugin START] Reloading Section: "reloadable-plugin/FluidSupportProviderImpl/" done in 1.395 ms
[09:32:23] [main/DEBUG] [REI] ========================================
[09:32:23] [main/DEBUG] [REI] REIPlugin ending main-reload for START.
[09:32:23] [main/DEBUG] [REI] ========================================
[09:32:23] [main/TRACE] [REI] [REIPlugin START] Reloading Section: "end-reload/"
[09:32:23] [main/TRACE] [REI] [REIPlugin START] Reloading Section: "end-reload/EntryTypeRegistryImpl/"
[09:32:23] [main/TRACE] [REI] [REIPlugin START] Reloading Section: "end-reload/EntryTypeRegistryImpl/" done in 55.33 μs
[09:32:23] [main/TRACE] [REI] [REIPlugin START] Reloading Section: "end-reload/EntrySettingsAdapterRegistryImpl/"
[09:32:23] [main/TRACE] [REI] [REIPlugin START] Reloading Section: "end-reload/EntrySettingsAdapterRegistryImpl/" done in 48.54 μs
[09:32:23] [main/TRACE] [REI] [REIPlugin START] Reloading Section: "end-reload/RecipeManagerContextImpl/"
[09:32:23] [main/TRACE] [REI] [REIPlugin START] Reloading Section: "end-reload/RecipeManagerContextImpl/" done in 69.82 μs
[09:32:23] [main/TRACE] [REI] [REIPlugin START] Reloading Section: "end-reload/ItemComparatorRegistryImpl/"
[09:32:23] [main/TRACE] [REI] [REIPlugin START] Reloading Section: "end-reload/ItemComparatorRegistryImpl/" done in 41.45 μs
[09:32:23] [main/TRACE] [REI] [REIPlugin START] Reloading Section: "end-reload/FluidComparatorRegistryImpl/"
[09:32:23] [main/TRACE] [REI] [REIPlugin START] Reloading Section: "end-reload/FluidComparatorRegistryImpl/" done in 45.24 μs
[09:32:23] [main/TRACE] [REI] [REIPlugin START] Reloading Section: "end-reload/DisplaySerializerRegistryImpl/"
[09:32:23] [main/TRACE] [REI] [REIPlugin START] Reloading Section: "end-reload/DisplaySerializerRegistryImpl/" done in 32.42 μs
[09:32:23] [main/TRACE] [REI] [REIPlugin START] Reloading Section: "end-reload/FluidSupportProviderImpl/"
[09:32:23] [main/TRACE] [REI] [REIPlugin START] Reloading Section: "end-reload/FluidSupportProviderImpl/" done in 37.03 μs
[09:32:23] [main/TRACE] [REI] [REIPlugin START] Reloading Section: "end-reload/" done in 1.103 ms
[09:32:23] [main/DEBUG] [REI] ========================================
[09:32:23] [main/DEBUG] [REI] REIPlugin ended main-reload for START in 24.23 ms.
[09:32:23] [main/DEBUG] [REI] ========================================
[09:32:23] [main/INFO] [REI] OOOOOOOOOOOOOOOOOOOOOOOOOOOOOOOOOOOOOOOO
[09:32:23] [main/INFO] [REI] REIServerPlugin starting main-reload for START.
[09:32:23] [main/DEBUG] [REI] Reloadables (2):
[09:32:23] [main/DEBUG] [REI]  - MenuInfoRegistryImpl
[09:32:23] [main/DEBUG] [REI]  - SlotAccessorRegistryImpl
[09:32:23] [main/INFO] [REI] Plugins (4):
[09:32:23] [main/INFO] [REI]  - (-100.00) DefaultPluginImpl of DefaultPluginImpl [roughlyenoughitems]
[09:32:23] [main/INFO] [REI]  - (0.00) BackpackReiCommonPlugin of BackpackReiCommonPlugin [sophisticatedbackpacks]
[09:32:23] [main/INFO] [REI]  - (0.00) CoreReiCommonPlugin of CoreReiCommonPlugin [sophisticatedcore]
[09:32:23] [main/INFO] [REI]  - (0.00) DefaultRuntimePlugin of DefaultRuntimePlugin [roughlyenoughitems]
[09:32:23] [main/INFO] [REI] OOOOOOOOOOOOOOOOOOOOOOOOOOOOOOOOOOOOOOOO
[09:32:23] [main/TRACE] [REI] [REIServerPlugin START] Reloading Section: "start-reload/"
[09:32:23] [main/TRACE] [REI] [REIServerPlugin START] Reloading Section: "start-reload/MenuInfoRegistryImpl/"
[09:32:23] [main/TRACE] [REI] [REIServerPlugin START] Reloading Section: "start-reload/MenuInfoRegistryImpl/" done in 72.15 μs
[09:32:23] [main/TRACE] [REI] [REIServerPlugin START] Reloading Section: "start-reload/SlotAccessorRegistryImpl/"
[09:32:23] [main/TRACE] [REI] [REIServerPlugin START] Reloading Section: "start-reload/SlotAccessorRegistryImpl/" done in 52.64 μs
[09:32:23] [main/TRACE] [REI] [REIServerPlugin START] Reloading Section: "start-reload/" done in 403.1 μs
[09:32:23] [main/DEBUG] [REI] ========================================
[09:32:23] [main/DEBUG] [REI] REIServerPlugin started main-reload for START.
[09:32:23] [main/DEBUG] [REI] ========================================
[09:32:23] [main/TRACE] [REI] [REIServerPlugin START] Reloading Section: "reloadable-plugin/MenuInfoRegistryImpl/"
[09:32:23] [main/TRACE] [REI] [REIServerPlugin START] Reloading Section: "reloadable-plugin/MenuInfoRegistryImpl/DefaultPluginImpl of DefaultPluginImpl [roughlyenoughitems]/"
[09:32:23] [main/TRACE] [REI] [REIServerPlugin START] Reloading Section: "reloadable-plugin/MenuInfoRegistryImpl/DefaultPluginImpl of DefaultPluginImpl [roughlyenoughitems]/" done in 64.25 μs
[09:32:23] [main/TRACE] [REI] [REIServerPlugin START] Reloading Section: "reloadable-plugin/MenuInfoRegistryImpl/BackpackReiCommonPlugin of BackpackReiCommonPlugin [sophisticatedbackpacks]/"
[09:32:23] [main/TRACE] [REI] [REIServerPlugin START] Reloading Section: "reloadable-plugin/MenuInfoRegistryImpl/BackpackReiCommonPlugin of BackpackReiCommonPlugin [sophisticatedbackpacks]/" done in 63.22 μs
[09:32:23] [main/TRACE] [REI] [REIServerPlugin START] Reloading Section: "reloadable-plugin/MenuInfoRegistryImpl/CoreReiCommonPlugin of CoreReiCommonPlugin [sophisticatedcore]/"
[09:32:23] [main/TRACE] [REI] [REIServerPlugin START] Reloading Section: "reloadable-plugin/MenuInfoRegistryImpl/CoreReiCommonPlugin of CoreReiCommonPlugin [sophisticatedcore]/" done in 79.27 μs
[09:32:23] [main/TRACE] [REI] [REIServerPlugin START] Reloading Section: "reloadable-plugin/MenuInfoRegistryImpl/DefaultRuntimePlugin of DefaultRuntimePlugin [roughlyenoughitems]/"
[09:32:23] [main/TRACE] [REI] [REIServerPlugin START] Reloading Section: "reloadable-plugin/MenuInfoRegistryImpl/DefaultRuntimePlugin of DefaultRuntimePlugin [roughlyenoughitems]/" done in 45.85 μs
[09:32:23] [main/TRACE] [REI] [REIServerPlugin START] Reloading Section: "reloadable-plugin/MenuInfoRegistryImpl/" done in 772.4 μs
[09:32:23] [main/TRACE] [REI] [REIServerPlugin START] Reloading Section: "reloadable-plugin/SlotAccessorRegistryImpl/"
[09:32:23] [main/TRACE] [REI] [REIServerPlugin START] Reloading Section: "reloadable-plugin/SlotAccessorRegistryImpl/DefaultPluginImpl of DefaultPluginImpl [roughlyenoughitems]/"
[09:32:23] [main/TRACE] [REI] [REIServerPlugin START] Reloading Section: "reloadable-plugin/SlotAccessorRegistryImpl/DefaultPluginImpl of DefaultPluginImpl [roughlyenoughitems]/" done in 43.76 μs
[09:32:23] [main/TRACE] [REI] [REIServerPlugin START] Reloading Section: "reloadable-plugin/SlotAccessorRegistryImpl/BackpackReiCommonPlugin of BackpackReiCommonPlugin [sophisticatedbackpacks]/"
[09:32:23] [main/TRACE] [REI] [REIServerPlugin START] Reloading Section: "reloadable-plugin/SlotAccessorRegistryImpl/BackpackReiCommonPlugin of BackpackReiCommonPlugin [sophisticatedbackpacks]/" done in 52.51 μs
[09:32:23] [main/TRACE] [REI] [REIServerPlugin START] Reloading Section: "reloadable-plugin/SlotAccessorRegistryImpl/CoreReiCommonPlugin of CoreReiCommonPlugin [sophisticatedcore]/"
[09:32:23] [main/TRACE] [REI] [REIServerPlugin START] Reloading Section: "reloadable-plugin/SlotAccessorRegistryImpl/CoreReiCommonPlugin of CoreReiCommonPlugin [sophisticatedcore]/" done in 56.59 μs
[09:32:23] [main/TRACE] [REI] [REIServerPlugin START] Reloading Section: "reloadable-plugin/SlotAccessorRegistryImpl/DefaultRuntimePlugin of DefaultRuntimePlugin [roughlyenoughitems]/"
[09:32:23] [main/TRACE] [REI] [REIServerPlugin START] Reloading Section: "reloadable-plugin/SlotAccessorRegistryImpl/DefaultRuntimePlugin of DefaultRuntimePlugin [roughlyenoughitems]/" done in 76.55 μs
[09:32:23] [main/TRACE] [REI] [REIServerPlugin START] Reloading Section: "reloadable-plugin/SlotAccessorRegistryImpl/" done in 738.5 μs
[09:32:23] [main/DEBUG] [REI] ========================================
[09:32:23] [main/DEBUG] [REI] REIServerPlugin ending main-reload for START.
[09:32:23] [main/DEBUG] [REI] ========================================
[09:32:23] [main/TRACE] [REI] [REIServerPlugin START] Reloading Section: "end-reload/"
[09:32:23] [main/TRACE] [REI] [REIServerPlugin START] Reloading Section: "end-reload/MenuInfoRegistryImpl/"
[09:32:23] [main/TRACE] [REI] [REIServerPlugin START] Reloading Section: "end-reload/MenuInfoRegistryImpl/" done in 45.30 μs
[09:32:23] [main/TRACE] [REI] [REIServerPlugin START] Reloading Section: "end-reload/SlotAccessorRegistryImpl/"
[09:32:23] [main/TRACE] [REI] [REIServerPlugin START] Reloading Section: "end-reload/SlotAccessorRegistryImpl/" done in 50.03 μs
[09:32:23] [main/TRACE] [REI] [REIServerPlugin START] Reloading Section: "end-reload/" done in 378.6 μs
[09:32:23] [main/DEBUG] [REI] ========================================
[09:32:23] [main/DEBUG] [REI] REIServerPlugin ended main-reload for START in 4.912 ms.
[09:32:23] [main/DEBUG] [REI] ========================================
[09:32:23] [main/DEBUG] [REI] ========================================
[09:32:23] [main/DEBUG] [REI] REIPlugin starting post-reload for START.
[09:32:23] [main/DEBUG] [REI] Reloadables (7):
[09:32:23] [main/DEBUG] [REI]  - EntryTypeRegistryImpl
[09:32:23] [main/DEBUG] [REI]  - EntrySettingsAdapterRegistryImpl
[09:32:23] [main/DEBUG] [REI]  - RecipeManagerContextImpl
[09:32:23] [main/DEBUG] [REI]  - ItemComparatorRegistryImpl
[09:32:23] [main/DEBUG] [REI]  - FluidComparatorRegistryImpl
[09:32:23] [main/DEBUG] [REI]  - DisplaySerializerRegistryImpl
[09:32:23] [main/DEBUG] [REI]  - FluidSupportProviderImpl
[09:32:23] [main/DEBUG] [REI] Plugins (4):
[09:32:23] [main/DEBUG] [REI]  - (-100.00) DefaultPluginImpl of DefaultPluginImpl [roughlyenoughitems]
[09:32:23] [main/DEBUG] [REI]  - (0.00) DefaultRuntimePlugin of DefaultRuntimePlugin [roughlyenoughitems]
[09:32:23] [main/DEBUG] [REI]  - (0.00) BackpackReiCommonPlugin of BackpackReiCommonPlugin [sophisticatedbackpacks]
[09:32:23] [main/DEBUG] [REI]  - (0.00) CoreReiCommonPlugin of CoreReiCommonPlugin [sophisticatedcore]
[09:32:23] [main/DEBUG] [REI] ========================================
[09:32:23] [main/TRACE] [REI] [REIPlugin START] Reloading Section: "post-register/"
[09:32:23] [main/TRACE] [REI] [REIPlugin START] Reloading Section: "post-register/DefaultPluginImpl of DefaultPluginImpl [roughlyenoughitems]/"
[09:32:23] [main/TRACE] [REI] [REIPlugin START] Reloading Section: "post-register/DefaultPluginImpl of DefaultPluginImpl [roughlyenoughitems]/" done in 204.3 μs
[09:32:23] [main/TRACE] [REI] [REIPlugin START] Reloading Section: "post-register/DefaultRuntimePlugin of DefaultRuntimePlugin [roughlyenoughitems]/"
[09:32:23] [main/TRACE] [REI] [REIPlugin START] Reloading Section: "post-register/DefaultRuntimePlugin of DefaultRuntimePlugin [roughlyenoughitems]/" done in 44.09 μs
[09:32:23] [main/TRACE] [REI] [REIPlugin START] Reloading Section: "post-register/BackpackReiCommonPlugin of BackpackReiCommonPlugin [sophisticatedbackpacks]/"
[09:32:23] [main/TRACE] [REI] [REIPlugin START] Reloading Section: "post-register/BackpackReiCommonPlugin of BackpackReiCommonPlugin [sophisticatedbackpacks]/" done in 41.25 μs
[09:32:23] [main/TRACE] [REI] [REIPlugin START] Reloading Section: "post-register/CoreReiCommonPlugin of CoreReiCommonPlugin [sophisticatedcore]/"
[09:32:23] [main/TRACE] [REI] [REIPlugin START] Reloading Section: "post-register/CoreReiCommonPlugin of CoreReiCommonPlugin [sophisticatedcore]/" done in 53.59 μs
[09:32:23] [main/TRACE] [REI] [REIPlugin START] Reloading Section: "post-register/" done in 1.010 ms
[09:32:23] [main/TRACE] [REI] [REIPlugin START] Reloading Section: "post-stage/"
[09:32:23] [main/TRACE] [REI] [REIPlugin START] Reloading Section: "post-stage/EntryTypeRegistryImpl/"
[09:32:23] [main/TRACE] [REI] [REIPlugin START] Reloading Section: "post-stage/EntryTypeRegistryImpl/" done in 61.59 μs
[09:32:23] [main/TRACE] [REI] [REIPlugin START] Reloading Section: "post-stage/EntrySettingsAdapterRegistryImpl/"
[09:32:23] [main/TRACE] [REI] [REIPlugin START] Reloading Section: "post-stage/EntrySettingsAdapterRegistryImpl/" done in 36.18 μs
[09:32:23] [main/TRACE] [REI] [REIPlugin START] Reloading Section: "post-stage/RecipeManagerContextImpl/"
[09:32:23] [main/TRACE] [REI] [REIPlugin START] Reloading Section: "post-stage/RecipeManagerContextImpl/" done in 40.56 μs
[09:32:23] [main/TRACE] [REI] [REIPlugin START] Reloading Section: "post-stage/ItemComparatorRegistryImpl/"
[09:32:23] [main/TRACE] [REI] [REIPlugin START] Reloading Section: "post-stage/ItemComparatorRegistryImpl/" done in 33.50 μs
[09:32:23] [main/TRACE] [REI] [REIPlugin START] Reloading Section: "post-stage/FluidComparatorRegistryImpl/"
[09:32:23] [main/TRACE] [REI] [REIPlugin START] Reloading Section: "post-stage/FluidComparatorRegistryImpl/" done in 39.46 μs
[09:32:23] [main/TRACE] [REI] [REIPlugin START] Reloading Section: "post-stage/DisplaySerializerRegistryImpl/"
[09:32:23] [main/TRACE] [REI] [REIPlugin START] Reloading Section: "post-stage/DisplaySerializerRegistryImpl/" done in 35.95 μs
[09:32:23] [main/TRACE] [REI] [REIPlugin START] Reloading Section: "post-stage/FluidSupportProviderImpl/"
[09:32:23] [main/TRACE] [REI] [REIPlugin START] Reloading Section: "post-stage/FluidSupportProviderImpl/" done in 41.51 μs
[09:32:23] [main/TRACE] [REI] [REIPlugin START] Reloading Section: "post-stage/" done in 1.057 ms
[09:32:23] [main/DEBUG] [REI] ========================================
[09:32:23] [main/INFO] [REI] REIPlugin finished post-reload for START in 2.267 ms, totaling 47.79 ms.
[09:32:23] [main/DEBUG] [REI] ========================================
[09:32:23] [main/DEBUG] [REI] ========================================
[09:32:23] [main/DEBUG] [REI] REIServerPlugin starting post-reload for START.
[09:32:23] [main/DEBUG] [REI] Reloadables (2):
[09:32:23] [main/DEBUG] [REI]  - MenuInfoRegistryImpl
[09:32:23] [main/DEBUG] [REI]  - SlotAccessorRegistryImpl
[09:32:23] [main/DEBUG] [REI] Plugins (4):
[09:32:23] [main/DEBUG] [REI]  - (-100.00) DefaultPluginImpl of DefaultPluginImpl [roughlyenoughitems]
[09:32:23] [main/DEBUG] [REI]  - (0.00) BackpackReiCommonPlugin of BackpackReiCommonPlugin [sophisticatedbackpacks]
[09:32:23] [main/DEBUG] [REI]  - (0.00) CoreReiCommonPlugin of CoreReiCommonPlugin [sophisticatedcore]
[09:32:23] [main/DEBUG] [REI]  - (0.00) DefaultRuntimePlugin of DefaultRuntimePlugin [roughlyenoughitems]
[09:32:23] [main/DEBUG] [REI] ========================================
[09:32:23] [main/TRACE] [REI] [REIServerPlugin START] Reloading Section: "post-register/"
[09:32:23] [main/TRACE] [REI] [REIServerPlugin START] Reloading Section: "post-register/DefaultPluginImpl of DefaultPluginImpl [roughlyenoughitems]/"
[09:32:23] [main/TRACE] [REI] [REIServerPlugin START] Reloading Section: "post-register/DefaultPluginImpl of DefaultPluginImpl [roughlyenoughitems]/" done in 58.62 μs
[09:32:23] [main/TRACE] [REI] [REIServerPlugin START] Reloading Section: "post-register/BackpackReiCommonPlugin of BackpackReiCommonPlugin [sophisticatedbackpacks]/"
[09:32:23] [main/TRACE] [REI] [REIServerPlugin START] Reloading Section: "post-register/BackpackReiCommonPlugin of BackpackReiCommonPlugin [sophisticatedbackpacks]/" done in 47.15 μs
[09:32:23] [main/TRACE] [REI] [REIServerPlugin START] Reloading Section: "post-register/CoreReiCommonPlugin of CoreReiCommonPlugin [sophisticatedcore]/"
[09:32:23] [main/TRACE] [REI] [REIServerPlugin START] Reloading Section: "post-register/CoreReiCommonPlugin of CoreReiCommonPlugin [sophisticatedcore]/" done in 43.84 μs
[09:32:23] [main/TRACE] [REI] [REIServerPlugin START] Reloading Section: "post-register/DefaultRuntimePlugin of DefaultRuntimePlugin [roughlyenoughitems]/"
[09:32:23] [main/TRACE] [REI] [REIServerPlugin START] Reloading Section: "post-register/DefaultRuntimePlugin of DefaultRuntimePlugin [roughlyenoughitems]/" done in 47.24 μs
[09:32:23] [main/TRACE] [REI] [REIServerPlugin START] Reloading Section: "post-register/" done in 683.4 μs
[09:32:23] [main/TRACE] [REI] [REIServerPlugin START] Reloading Section: "post-stage/"
[09:32:23] [main/TRACE] [REI] [REIServerPlugin START] Reloading Section: "post-stage/MenuInfoRegistryImpl/"
[09:32:23] [main/TRACE] [REI] [REIServerPlugin START] Reloading Section: "post-stage/MenuInfoRegistryImpl/" done in 35.58 μs
[09:32:23] [main/TRACE] [REI] [REIServerPlugin START] Reloading Section: "post-stage/SlotAccessorRegistryImpl/"
[09:32:23] [main/TRACE] [REI] [REIServerPlugin START] Reloading Section: "post-stage/SlotAccessorRegistryImpl/" done in 48.59 μs
[09:32:23] [main/TRACE] [REI] [REIServerPlugin START] Reloading Section: "post-stage/" done in 293.0 μs
[09:32:23] [main/DEBUG] [REI] ========================================
[09:32:23] [main/INFO] [REI] REIServerPlugin finished post-reload for START in 1.143 ms, totaling 7.719 ms.
[09:32:23] [main/DEBUG] [REI] ========================================
[09:32:23] [main/DEBUG] [REI] ========================================
[09:32:23] [main/DEBUG] [REI] REIPlugin starting pre-reload for END.
[09:32:23] [main/DEBUG] [REI] Reloadables (7):
[09:32:23] [main/DEBUG] [REI]  - EntryTypeRegistryImpl
[09:32:23] [main/DEBUG] [REI]  - EntrySettingsAdapterRegistryImpl
[09:32:23] [main/DEBUG] [REI]  - RecipeManagerContextImpl
[09:32:23] [main/DEBUG] [REI]  - ItemComparatorRegistryImpl
[09:32:23] [main/DEBUG] [REI]  - FluidComparatorRegistryImpl
[09:32:23] [main/DEBUG] [REI]  - DisplaySerializerRegistryImpl
[09:32:23] [main/DEBUG] [REI]  - FluidSupportProviderImpl
[09:32:23] [main/DEBUG] [REI] Plugins (4):
[09:32:23] [main/DEBUG] [REI]  - (-100.00) DefaultPluginImpl of DefaultPluginImpl [roughlyenoughitems]
[09:32:23] [main/DEBUG] [REI]  - (0.00) DefaultRuntimePlugin of DefaultRuntimePlugin [roughlyenoughitems]
[09:32:23] [main/DEBUG] [REI]  - (0.00) BackpackReiCommonPlugin of BackpackReiCommonPlugin [sophisticatedbackpacks]
[09:32:23] [main/DEBUG] [REI]  - (0.00) CoreReiCommonPlugin of CoreReiCommonPlugin [sophisticatedcore]
[09:32:23] [main/DEBUG] [REI] ========================================
[09:32:23] [main/TRACE] [REI] [REIPlugin END] Reloading Section: "pre-register/"
[09:32:23] [main/TRACE] [REI] [REIPlugin END] Reloading Section: "pre-register/DefaultPluginImpl of DefaultPluginImpl [roughlyenoughitems]/"
[09:32:23] [main/TRACE] [REI] [REIPlugin END] Reloading Section: "pre-register/DefaultPluginImpl of DefaultPluginImpl [roughlyenoughitems]/" done in 42.88 μs
[09:32:23] [main/TRACE] [REI] [REIPlugin END] Reloading Section: "pre-register/DefaultRuntimePlugin of DefaultRuntimePlugin [roughlyenoughitems]/"
[09:32:23] [main/TRACE] [REI] [REIPlugin END] Reloading Section: "pre-register/DefaultRuntimePlugin of DefaultRuntimePlugin [roughlyenoughitems]/" done in 46.56 μs
[09:32:23] [main/TRACE] [REI] [REIPlugin END] Reloading Section: "pre-register/BackpackReiCommonPlugin of BackpackReiCommonPlugin [sophisticatedbackpacks]/"
[09:32:23] [main/TRACE] [REI] [REIPlugin END] Reloading Section: "pre-register/BackpackReiCommonPlugin of BackpackReiCommonPlugin [sophisticatedbackpacks]/" done in 49.40 μs
[09:32:23] [main/TRACE] [REI] [REIPlugin END] Reloading Section: "pre-register/CoreReiCommonPlugin of CoreReiCommonPlugin [sophisticatedcore]/"
[09:32:23] [main/TRACE] [REI] [REIPlugin END] Reloading Section: "pre-register/CoreReiCommonPlugin of CoreReiCommonPlugin [sophisticatedcore]/" done in 47.14 μs
[09:32:23] [main/TRACE] [REI] [REIPlugin END] Reloading Section: "pre-register/" done in 624.9 μs
[09:32:23] [main/TRACE] [REI] [REIPlugin END] Reloading Section: "pre-stage/"
[09:32:23] [main/TRACE] [REI] [REIPlugin END] Reloading Section: "pre-stage/EntryTypeRegistryImpl/"
[09:32:23] [main/TRACE] [REI] [REIPlugin END] Reloading Section: "pre-stage/EntryTypeRegistryImpl/" done in 43.12 μs
[09:32:23] [main/TRACE] [REI] [REIPlugin END] Reloading Section: "pre-stage/EntrySettingsAdapterRegistryImpl/"
[09:32:23] [main/TRACE] [REI] [REIPlugin END] Reloading Section: "pre-stage/EntrySettingsAdapterRegistryImpl/" done in 83.77 μs
[09:32:23] [main/TRACE] [REI] [REIPlugin END] Reloading Section: "pre-stage/RecipeManagerContextImpl/"
[09:32:23] [main/TRACE] [REI] [REIPlugin END] Reloading Section: "pre-stage/RecipeManagerContextImpl/" done in 43.51 μs
[09:32:23] [main/TRACE] [REI] [REIPlugin END] Reloading Section: "pre-stage/ItemComparatorRegistryImpl/"
[09:32:23] [main/TRACE] [REI] [REIPlugin END] Reloading Section: "pre-stage/ItemComparatorRegistryImpl/" done in 42.62 μs
[09:32:23] [main/TRACE] [REI] [REIPlugin END] Reloading Section: "pre-stage/FluidComparatorRegistryImpl/"
[09:32:23] [main/TRACE] [REI] [REIPlugin END] Reloading Section: "pre-stage/FluidComparatorRegistryImpl/" done in 45.80 μs
[09:32:23] [main/TRACE] [REI] [REIPlugin END] Reloading Section: "pre-stage/DisplaySerializerRegistryImpl/"
[09:32:23] [main/TRACE] [REI] [REIPlugin END] Reloading Section: "pre-stage/DisplaySerializerRegistryImpl/" done in 44.91 μs
[09:32:23] [main/TRACE] [REI] [REIPlugin END] Reloading Section: "pre-stage/FluidSupportProviderImpl/"
[09:32:23] [main/TRACE] [REI] [REIPlugin END] Reloading Section: "pre-stage/FluidSupportProviderImpl/" done in 51.52 μs
[09:32:23] [main/TRACE] [REI] [REIPlugin END] Reloading Section: "pre-stage/" done in 1.137 ms
[09:32:23] [main/DEBUG] [REI] ========================================
[09:32:23] [main/DEBUG] [REI] REIPlugin finished pre-reload for END in 1.965 ms.
[09:32:23] [main/DEBUG] [REI] ========================================
[09:32:23] [main/DEBUG] [REI] ========================================
[09:32:23] [main/DEBUG] [REI] REIServerPlugin starting pre-reload for END.
[09:32:23] [main/DEBUG] [REI] Reloadables (2):
[09:32:23] [main/DEBUG] [REI]  - MenuInfoRegistryImpl
[09:32:23] [main/DEBUG] [REI]  - SlotAccessorRegistryImpl
[09:32:23] [main/DEBUG] [REI] Plugins (4):
[09:32:23] [main/DEBUG] [REI]  - (-100.00) DefaultPluginImpl of DefaultPluginImpl [roughlyenoughitems]
[09:32:23] [main/DEBUG] [REI]  - (0.00) BackpackReiCommonPlugin of BackpackReiCommonPlugin [sophisticatedbackpacks]
[09:32:23] [main/DEBUG] [REI]  - (0.00) CoreReiCommonPlugin of CoreReiCommonPlugin [sophisticatedcore]
[09:32:23] [main/DEBUG] [REI]  - (0.00) DefaultRuntimePlugin of DefaultRuntimePlugin [roughlyenoughitems]
[09:32:23] [main/DEBUG] [REI] ========================================
[09:32:23] [main/TRACE] [REI] [REIServerPlugin END] Reloading Section: "pre-register/"
[09:32:23] [main/TRACE] [REI] [REIServerPlugin END] Reloading Section: "pre-register/DefaultPluginImpl of DefaultPluginImpl [roughlyenoughitems]/"
[09:32:23] [main/TRACE] [REI] [REIServerPlugin END] Reloading Section: "pre-register/DefaultPluginImpl of DefaultPluginImpl [roughlyenoughitems]/" done in 56.97 μs
[09:32:23] [main/TRACE] [REI] [REIServerPlugin END] Reloading Section: "pre-register/BackpackReiCommonPlugin of BackpackReiCommonPlugin [sophisticatedbackpacks]/"
[09:32:23] [main/TRACE] [REI] [REIServerPlugin END] Reloading Section: "pre-register/BackpackReiCommonPlugin of BackpackReiCommonPlugin [sophisticatedbackpacks]/" done in 51.34 μs
[09:32:23] [main/TRACE] [REI] [REIServerPlugin END] Reloading Section: "pre-register/CoreReiCommonPlugin of CoreReiCommonPlugin [sophisticatedcore]/"
[09:32:23] [main/TRACE] [REI] [REIServerPlugin END] Reloading Section: "pre-register/CoreReiCommonPlugin of CoreReiCommonPlugin [sophisticatedcore]/" done in 44.10 μs
[09:32:23] [main/TRACE] [REI] [REIServerPlugin END] Reloading Section: "pre-register/DefaultRuntimePlugin of DefaultRuntimePlugin [roughlyenoughitems]/"
[09:32:23] [main/TRACE] [REI] [REIServerPlugin END] Reloading Section: "pre-register/DefaultRuntimePlugin of DefaultRuntimePlugin [roughlyenoughitems]/" done in 38.02 μs
[09:32:23] [main/TRACE] [REI] [REIServerPlugin END] Reloading Section: "pre-register/" done in 644.4 μs
[09:32:23] [main/TRACE] [REI] [REIServerPlugin END] Reloading Section: "pre-stage/"
[09:32:23] [main/TRACE] [REI] [REIServerPlugin END] Reloading Section: "pre-stage/MenuInfoRegistryImpl/"
[09:32:23] [main/TRACE] [REI] [REIServerPlugin END] Reloading Section: "pre-stage/MenuInfoRegistryImpl/" done in 52.98 μs
[09:32:23] [main/TRACE] [REI] [REIServerPlugin END] Reloading Section: "pre-stage/SlotAccessorRegistryImpl/"
[09:32:23] [main/TRACE] [REI] [REIServerPlugin END] Reloading Section: "pre-stage/SlotAccessorRegistryImpl/" done in 48.30 μs
[09:32:23] [main/TRACE] [REI] [REIServerPlugin END] Reloading Section: "pre-stage/" done in 325.3 μs
[09:32:23] [main/DEBUG] [REI] ========================================
[09:32:23] [main/DEBUG] [REI] REIServerPlugin finished pre-reload for END in 1.145 ms.
[09:32:23] [main/DEBUG] [REI] ========================================
[09:32:23] [main/INFO] [REI] ========================================
[09:32:23] [main/INFO] [REI] REIPlugin starting main-reload for END.
[09:32:23] [main/DEBUG] [REI] Reloadables (7):
[09:32:23] [main/DEBUG] [REI]  - EntryTypeRegistryImpl
[09:32:23] [main/DEBUG] [REI]  - EntrySettingsAdapterRegistryImpl
[09:32:23] [main/DEBUG] [REI]  - RecipeManagerContextImpl
[09:32:23] [main/DEBUG] [REI]  - ItemComparatorRegistryImpl
[09:32:23] [main/DEBUG] [REI]  - FluidComparatorRegistryImpl
[09:32:23] [main/DEBUG] [REI]  - DisplaySerializerRegistryImpl
[09:32:23] [main/DEBUG] [REI]  - FluidSupportProviderImpl
[09:32:23] [main/INFO] [REI] Plugins (4):
[09:32:23] [main/INFO] [REI]  - (-100.00) DefaultPluginImpl of DefaultPluginImpl [roughlyenoughitems]
[09:32:23] [main/INFO] [REI]  - (0.00) DefaultRuntimePlugin of DefaultRuntimePlugin [roughlyenoughitems]
[09:32:23] [main/INFO] [REI]  - (0.00) BackpackReiCommonPlugin of BackpackReiCommonPlugin [sophisticatedbackpacks]
[09:32:23] [main/INFO] [REI]  - (0.00) CoreReiCommonPlugin of CoreReiCommonPlugin [sophisticatedcore]
[09:32:23] [main/INFO] [REI] ========================================
[09:32:23] [main/TRACE] [REI] [REIPlugin END] Reloading Section: "start-reload/"
[09:32:23] [main/TRACE] [REI] [REIPlugin END] Reloading Section: "start-reload/EntryTypeRegistryImpl/"
[09:32:23] [main/TRACE] [REI] [REIPlugin END] Reloading Section: "start-reload/EntryTypeRegistryImpl/" done in 39.53 μs
[09:32:23] [main/TRACE] [REI] [REIPlugin END] Reloading Section: "start-reload/EntrySettingsAdapterRegistryImpl/"
[09:32:23] [main/TRACE] [REI] [REIPlugin END] Reloading Section: "start-reload/EntrySettingsAdapterRegistryImpl/" done in 51.83 μs
[09:32:23] [main/TRACE] [REI] [REIPlugin END] Reloading Section: "start-reload/RecipeManagerContextImpl/"
[09:32:23] [main/TRACE] [REI] [REIPlugin END] Reloading Section: "start-reload/RecipeManagerContextImpl/" done in 35.91 μs
[09:32:23] [main/TRACE] [REI] [REIPlugin END] Reloading Section: "start-reload/ItemComparatorRegistryImpl/"
[09:32:23] [main/TRACE] [REI] [REIPlugin END] Reloading Section: "start-reload/ItemComparatorRegistryImpl/" done in 28.94 μs
[09:32:23] [main/TRACE] [REI] [REIPlugin END] Reloading Section: "start-reload/FluidComparatorRegistryImpl/"
[09:32:23] [main/TRACE] [REI] [REIPlugin END] Reloading Section: "start-reload/FluidComparatorRegistryImpl/" done in 31.59 μs
[09:32:23] [main/TRACE] [REI] [REIPlugin END] Reloading Section: "start-reload/DisplaySerializerRegistryImpl/"
[09:32:23] [main/TRACE] [REI] [REIPlugin END] Reloading Section: "start-reload/DisplaySerializerRegistryImpl/" done in 37.52 μs
[09:32:23] [main/TRACE] [REI] [REIPlugin END] Reloading Section: "start-reload/FluidSupportProviderImpl/"
[09:32:23] [main/TRACE] [REI] [REIPlugin END] Reloading Section: "start-reload/FluidSupportProviderImpl/" done in 42.90 μs
[09:32:23] [main/TRACE] [REI] [REIPlugin END] Reloading Section: "start-reload/" done in 925.8 μs
[09:32:23] [main/DEBUG] [REI] ========================================
[09:32:23] [main/DEBUG] [REI] REIPlugin started main-reload for END.
[09:32:23] [main/DEBUG] [REI] ========================================
[09:32:23] [main/TRACE] [REI] [REIPlugin END] Reloading Section: "reloadable-plugin/EntryTypeRegistryImpl/"
[09:32:23] [main/TRACE] [REI] [REIPlugin END] Reloading Section: "reloadable-plugin/EntryTypeRegistryImpl/DefaultPluginImpl of DefaultPluginImpl [roughlyenoughitems]/"
[09:32:23] [main/TRACE] [REI] [REIPlugin END] Reloading Section: "reloadable-plugin/EntryTypeRegistryImpl/DefaultPluginImpl of DefaultPluginImpl [roughlyenoughitems]/" done in 83.40 μs
[09:32:23] [main/TRACE] [REI] [REIPlugin END] Reloading Section: "reloadable-plugin/EntryTypeRegistryImpl/DefaultRuntimePlugin of DefaultRuntimePlugin [roughlyenoughitems]/"
[09:32:23] [main/TRACE] [REI] [REIPlugin END] Reloading Section: "reloadable-plugin/EntryTypeRegistryImpl/DefaultRuntimePlugin of DefaultRuntimePlugin [roughlyenoughitems]/" done in 63.45 μs
[09:32:23] [main/TRACE] [REI] [REIPlugin END] Reloading Section: "reloadable-plugin/EntryTypeRegistryImpl/BackpackReiCommonPlugin of BackpackReiCommonPlugin [sophisticatedbackpacks]/"
[09:32:23] [main/TRACE] [REI] [REIPlugin END] Reloading Section: "reloadable-plugin/EntryTypeRegistryImpl/BackpackReiCommonPlugin of BackpackReiCommonPlugin [sophisticatedbackpacks]/" done in 47.15 μs
[09:32:23] [main/TRACE] [REI] [REIPlugin END] Reloading Section: "reloadable-plugin/EntryTypeRegistryImpl/CoreReiCommonPlugin of CoreReiCommonPlugin [sophisticatedcore]/"
[09:32:23] [main/TRACE] [REI] [REIPlugin END] Reloading Section: "reloadable-plugin/EntryTypeRegistryImpl/CoreReiCommonPlugin of CoreReiCommonPlugin [sophisticatedcore]/" done in 112.8 μs
[09:32:23] [main/TRACE] [REI] [REIPlugin END] Reloading Section: "reloadable-plugin/EntryTypeRegistryImpl/" done in 750.5 μs
[09:32:23] [main/TRACE] [REI] [REIPlugin END] Reloading Section: "reloadable-plugin/EntrySettingsAdapterRegistryImpl/"
[09:32:23] [main/TRACE] [REI] [REIPlugin END] Reloading Section: "reloadable-plugin/EntrySettingsAdapterRegistryImpl/DefaultPluginImpl of DefaultPluginImpl [roughlyenoughitems]/"
[09:32:23] [main/TRACE] [REI] [REIPlugin END] Reloading Section: "reloadable-plugin/EntrySettingsAdapterRegistryImpl/DefaultPluginImpl of DefaultPluginImpl [roughlyenoughitems]/" done in 62.31 μs
[09:32:23] [main/TRACE] [REI] [REIPlugin END] Reloading Section: "reloadable-plugin/EntrySettingsAdapterRegistryImpl/DefaultRuntimePlugin of DefaultRuntimePlugin [roughlyenoughitems]/"
[09:32:23] [main/TRACE] [REI] [REIPlugin END] Reloading Section: "reloadable-plugin/EntrySettingsAdapterRegistryImpl/DefaultRuntimePlugin of DefaultRuntimePlugin [roughlyenoughitems]/" done in 142.9 μs
[09:32:23] [main/TRACE] [REI] [REIPlugin END] Reloading Section: "reloadable-plugin/EntrySettingsAdapterRegistryImpl/BackpackReiCommonPlugin of BackpackReiCommonPlugin [sophisticatedbackpacks]/"
[09:32:23] [main/TRACE] [REI] [REIPlugin END] Reloading Section: "reloadable-plugin/EntrySettingsAdapterRegistryImpl/BackpackReiCommonPlugin of BackpackReiCommonPlugin [sophisticatedbackpacks]/" done in 56.08 μs
[09:32:23] [main/TRACE] [REI] [REIPlugin END] Reloading Section: "reloadable-plugin/EntrySettingsAdapterRegistryImpl/CoreReiCommonPlugin of CoreReiCommonPlugin [sophisticatedcore]/"
[09:32:23] [main/TRACE] [REI] [REIPlugin END] Reloading Section: "reloadable-plugin/EntrySettingsAdapterRegistryImpl/CoreReiCommonPlugin of CoreReiCommonPlugin [sophisticatedcore]/" done in 52.14 μs
[09:32:23] [main/TRACE] [REI] [REIPlugin END] Reloading Section: "reloadable-plugin/EntrySettingsAdapterRegistryImpl/" done in 766.7 μs
[09:32:23] [main/TRACE] [REI] [REIPlugin END] Reloading Section: "reloadable-plugin/RecipeManagerContextImpl/"
[09:32:23] [main/TRACE] [REI] [REIPlugin END] Reloading Section: "reloadable-plugin/RecipeManagerContextImpl/DefaultPluginImpl of DefaultPluginImpl [roughlyenoughitems]/"
[09:32:23] [main/TRACE] [REI] [REIPlugin END] Reloading Section: "reloadable-plugin/RecipeManagerContextImpl/DefaultPluginImpl of DefaultPluginImpl [roughlyenoughitems]/" done in 55.45 μs
[09:32:23] [main/TRACE] [REI] [REIPlugin END] Reloading Section: "reloadable-plugin/RecipeManagerContextImpl/DefaultRuntimePlugin of DefaultRuntimePlugin [roughlyenoughitems]/"
[09:32:23] [main/TRACE] [REI] [REIPlugin END] Reloading Section: "reloadable-plugin/RecipeManagerContextImpl/DefaultRuntimePlugin of DefaultRuntimePlugin [roughlyenoughitems]/" done in 57.19 μs
[09:32:23] [main/TRACE] [REI] [REIPlugin END] Reloading Section: "reloadable-plugin/RecipeManagerContextImpl/BackpackReiCommonPlugin of BackpackReiCommonPlugin [sophisticatedbackpacks]/"
[09:32:23] [main/TRACE] [REI] [REIPlugin END] Reloading Section: "reloadable-plugin/RecipeManagerContextImpl/BackpackReiCommonPlugin of BackpackReiCommonPlugin [sophisticatedbackpacks]/" done in 74.86 μs
[09:32:23] [main/TRACE] [REI] [REIPlugin END] Reloading Section: "reloadable-plugin/RecipeManagerContextImpl/CoreReiCommonPlugin of CoreReiCommonPlugin [sophisticatedcore]/"
[09:32:23] [main/TRACE] [REI] [REIPlugin END] Reloading Section: "reloadable-plugin/RecipeManagerContextImpl/CoreReiCommonPlugin of CoreReiCommonPlugin [sophisticatedcore]/" done in 57.20 μs
[09:32:23] [main/TRACE] [REI] [REIPlugin END] Reloading Section: "reloadable-plugin/RecipeManagerContextImpl/" done in 803.1 μs
[09:32:23] [main/TRACE] [REI] [REIPlugin END] Reloading Section: "reloadable-plugin/ItemComparatorRegistryImpl/"
[09:32:23] [main/TRACE] [REI] [REIPlugin END] Reloading Section: "reloadable-plugin/ItemComparatorRegistryImpl/DefaultPluginImpl of DefaultPluginImpl [roughlyenoughitems]/"
[09:32:23] [main/TRACE] [REI] [REIPlugin END] Reloading Section: "reloadable-plugin/ItemComparatorRegistryImpl/DefaultPluginImpl of DefaultPluginImpl [roughlyenoughitems]/" done in 60.21 μs
[09:32:23] [main/TRACE] [REI] [REIPlugin END] Reloading Section: "reloadable-plugin/ItemComparatorRegistryImpl/DefaultRuntimePlugin of DefaultRuntimePlugin [roughlyenoughitems]/"
[09:32:23] [main/TRACE] [REI] [REIPlugin END] Reloading Section: "reloadable-plugin/ItemComparatorRegistryImpl/DefaultRuntimePlugin of DefaultRuntimePlugin [roughlyenoughitems]/" done in 45.39 μs
[09:32:23] [main/TRACE] [REI] [REIPlugin END] Reloading Section: "reloadable-plugin/ItemComparatorRegistryImpl/BackpackReiCommonPlugin of BackpackReiCommonPlugin [sophisticatedbackpacks]/"
[09:32:23] [main/TRACE] [REI] [REIPlugin END] Reloading Section: "reloadable-plugin/ItemComparatorRegistryImpl/BackpackReiCommonPlugin of BackpackReiCommonPlugin [sophisticatedbackpacks]/" done in 69.45 μs
[09:32:23] [main/TRACE] [REI] [REIPlugin END] Reloading Section: "reloadable-plugin/ItemComparatorRegistryImpl/CoreReiCommonPlugin of CoreReiCommonPlugin [sophisticatedcore]/"
[09:32:23] [main/TRACE] [REI] [REIPlugin END] Reloading Section: "reloadable-plugin/ItemComparatorRegistryImpl/CoreReiCommonPlugin of CoreReiCommonPlugin [sophisticatedcore]/" done in 53.11 μs
[09:32:23] [main/TRACE] [REI] [REIPlugin END] Reloading Section: "reloadable-plugin/ItemComparatorRegistryImpl/" done in 741.5 μs
[09:32:23] [main/TRACE] [REI] [REIPlugin END] Reloading Section: "reloadable-plugin/FluidComparatorRegistryImpl/"
[09:32:23] [main/TRACE] [REI] [REIPlugin END] Reloading Section: "reloadable-plugin/FluidComparatorRegistryImpl/DefaultPluginImpl of DefaultPluginImpl [roughlyenoughitems]/"
[09:32:23] [main/TRACE] [REI] [REIPlugin END] Reloading Section: "reloadable-plugin/FluidComparatorRegistryImpl/DefaultPluginImpl of DefaultPluginImpl [roughlyenoughitems]/" done in 50.34 μs
[09:32:23] [main/TRACE] [REI] [REIPlugin END] Reloading Section: "reloadable-plugin/FluidComparatorRegistryImpl/DefaultRuntimePlugin of DefaultRuntimePlugin [roughlyenoughitems]/"
[09:32:23] [main/TRACE] [REI] [REIPlugin END] Reloading Section: "reloadable-plugin/FluidComparatorRegistryImpl/DefaultRuntimePlugin of DefaultRuntimePlugin [roughlyenoughitems]/" done in 47.09 μs
[09:32:23] [main/TRACE] [REI] [REIPlugin END] Reloading Section: "reloadable-plugin/FluidComparatorRegistryImpl/BackpackReiCommonPlugin of BackpackReiCommonPlugin [sophisticatedbackpacks]/"
[09:32:23] [main/TRACE] [REI] [REIPlugin END] Reloading Section: "reloadable-plugin/FluidComparatorRegistryImpl/BackpackReiCommonPlugin of BackpackReiCommonPlugin [sophisticatedbackpacks]/" done in 46.67 μs
[09:32:23] [main/TRACE] [REI] [REIPlugin END] Reloading Section: "reloadable-plugin/FluidComparatorRegistryImpl/CoreReiCommonPlugin of CoreReiCommonPlugin [sophisticatedcore]/"
[09:32:23] [main/TRACE] [REI] [REIPlugin END] Reloading Section: "reloadable-plugin/FluidComparatorRegistryImpl/CoreReiCommonPlugin of CoreReiCommonPlugin [sophisticatedcore]/" done in 66.32 μs
[09:32:23] [main/TRACE] [REI] [REIPlugin END] Reloading Section: "reloadable-plugin/FluidComparatorRegistryImpl/" done in 662.1 μs
[09:32:23] [main/TRACE] [REI] [REIPlugin END] Reloading Section: "reloadable-plugin/DisplaySerializerRegistryImpl/"
[09:32:23] [main/TRACE] [REI] [REIPlugin END] Reloading Section: "reloadable-plugin/DisplaySerializerRegistryImpl/DefaultPluginImpl of DefaultPluginImpl [roughlyenoughitems]/"
[09:32:23] [main/TRACE] [REI] [REIPlugin END] Reloading Section: "reloadable-plugin/DisplaySerializerRegistryImpl/DefaultPluginImpl of DefaultPluginImpl [roughlyenoughitems]/" done in 23.72 ms
[09:32:23] [main/TRACE] [REI] [REIPlugin END] Reloading Section: "reloadable-plugin/DisplaySerializerRegistryImpl/DefaultRuntimePlugin of DefaultRuntimePlugin [roughlyenoughitems]/"
[09:32:23] [main/TRACE] [REI] [REIPlugin END] Reloading Section: "reloadable-plugin/DisplaySerializerRegistryImpl/DefaultRuntimePlugin of DefaultRuntimePlugin [roughlyenoughitems]/" done in 59.30 μs
[09:32:23] [main/TRACE] [REI] [REIPlugin END] Reloading Section: "reloadable-plugin/DisplaySerializerRegistryImpl/BackpackReiCommonPlugin of BackpackReiCommonPlugin [sophisticatedbackpacks]/"
[09:32:23] [main/TRACE] [REI] [REIPlugin END] Reloading Section: "reloadable-plugin/DisplaySerializerRegistryImpl/BackpackReiCommonPlugin of BackpackReiCommonPlugin [sophisticatedbackpacks]/" done in 47.74 μs
[09:32:23] [main/TRACE] [REI] [REIPlugin END] Reloading Section: "reloadable-plugin/DisplaySerializerRegistryImpl/CoreReiCommonPlugin of CoreReiCommonPlugin [sophisticatedcore]/"
[09:32:23] [main/TRACE] [REI] [REIPlugin END] Reloading Section: "reloadable-plugin/DisplaySerializerRegistryImpl/CoreReiCommonPlugin of CoreReiCommonPlugin [sophisticatedcore]/" done in 43.00 μs
[09:32:23] [main/TRACE] [REI] [REIPlugin END] Reloading Section: "reloadable-plugin/DisplaySerializerRegistryImpl/" done in 24.56 ms
[09:32:23] [main/TRACE] [REI] [REIPlugin END] Reloading Section: "reloadable-plugin/FluidSupportProviderImpl/"
[09:32:23] [main/TRACE] [REI] [REIPlugin END] Reloading Section: "reloadable-plugin/FluidSupportProviderImpl/DefaultPluginImpl of DefaultPluginImpl [roughlyenoughitems]/"
[09:32:23] [main/TRACE] [REI] [REIPlugin END] Reloading Section: "reloadable-plugin/FluidSupportProviderImpl/DefaultPluginImpl of DefaultPluginImpl [roughlyenoughitems]/" done in 51.62 μs
[09:32:23] [main/TRACE] [REI] [REIPlugin END] Reloading Section: "reloadable-plugin/FluidSupportProviderImpl/DefaultRuntimePlugin of DefaultRuntimePlugin [roughlyenoughitems]/"
[09:32:23] [main/TRACE] [REI] [REIPlugin END] Reloading Section: "reloadable-plugin/FluidSupportProviderImpl/DefaultRuntimePlugin of DefaultRuntimePlugin [roughlyenoughitems]/" done in 58.23 μs
[09:32:23] [main/TRACE] [REI] [REIPlugin END] Reloading Section: "reloadable-plugin/FluidSupportProviderImpl/BackpackReiCommonPlugin of BackpackReiCommonPlugin [sophisticatedbackpacks]/"
[09:32:23] [main/TRACE] [REI] [REIPlugin END] Reloading Section: "reloadable-plugin/FluidSupportProviderImpl/BackpackReiCommonPlugin of BackpackReiCommonPlugin [sophisticatedbackpacks]/" done in 51.27 μs
[09:32:23] [main/TRACE] [REI] [REIPlugin END] Reloading Section: "reloadable-plugin/FluidSupportProviderImpl/CoreReiCommonPlugin of CoreReiCommonPlugin [sophisticatedcore]/"
[09:32:23] [main/TRACE] [REI] [REIPlugin END] Reloading Section: "reloadable-plugin/FluidSupportProviderImpl/CoreReiCommonPlugin of CoreReiCommonPlugin [sophisticatedcore]/" done in 56.45 μs
[09:32:23] [main/TRACE] [REI] [REIPlugin END] Reloading Section: "reloadable-plugin/FluidSupportProviderImpl/" done in 670.1 μs
[09:32:23] [main/DEBUG] [REI] ========================================
[09:32:23] [main/DEBUG] [REI] REIPlugin ending main-reload for END.
[09:32:23] [main/DEBUG] [REI] ========================================
[09:32:23] [main/TRACE] [REI] [REIPlugin END] Reloading Section: "end-reload/"
[09:32:23] [main/TRACE] [REI] [REIPlugin END] Reloading Section: "end-reload/EntryTypeRegistryImpl/"
[09:32:23] [main/TRACE] [REI] [REIPlugin END] Reloading Section: "end-reload/EntryTypeRegistryImpl/" done in 33.01 μs
[09:32:23] [main/TRACE] [REI] [REIPlugin END] Reloading Section: "end-reload/EntrySettingsAdapterRegistryImpl/"
[09:32:23] [main/TRACE] [REI] [REIPlugin END] Reloading Section: "end-reload/EntrySettingsAdapterRegistryImpl/" done in 43.28 μs
[09:32:23] [main/TRACE] [REI] [REIPlugin END] Reloading Section: "end-reload/RecipeManagerContextImpl/"
[09:32:23] [main/TRACE] [REI] [REIPlugin END] Reloading Section: "end-reload/RecipeManagerContextImpl/" done in 34.73 μs
[09:32:23] [main/TRACE] [REI] [REIPlugin END] Reloading Section: "end-reload/ItemComparatorRegistryImpl/"
[09:32:23] [main/TRACE] [REI] [REIPlugin END] Reloading Section: "end-reload/ItemComparatorRegistryImpl/" done in 32.59 μs
[09:32:23] [main/TRACE] [REI] [REIPlugin END] Reloading Section: "end-reload/FluidComparatorRegistryImpl/"
[09:32:23] [main/TRACE] [REI] [REIPlugin END] Reloading Section: "end-reload/FluidComparatorRegistryImpl/" done in 38.56 μs
[09:32:23] [main/TRACE] [REI] [REIPlugin END] Reloading Section: "end-reload/DisplaySerializerRegistryImpl/"
[09:32:23] [main/TRACE] [REI] [REIPlugin END] Reloading Section: "end-reload/DisplaySerializerRegistryImpl/" done in 32.76 μs
[09:32:23] [main/TRACE] [REI] [REIPlugin END] Reloading Section: "end-reload/FluidSupportProviderImpl/"
[09:32:23] [main/TRACE] [REI] [REIPlugin END] Reloading Section: "end-reload/FluidSupportProviderImpl/" done in 42.33 μs
[09:32:23] [main/TRACE] [REI] [REIPlugin END] Reloading Section: "end-reload/" done in 893.9 μs
[09:32:23] [main/DEBUG] [REI] ========================================
[09:32:23] [main/DEBUG] [REI] REIPlugin ended main-reload for END in 34.01 ms.
[09:32:23] [main/DEBUG] [REI] ========================================
[09:32:23] [main/INFO] [REI] @@@@@@@@@@@@@@@@@@@@@@@@@@@@@@@@@@@@@@@@
[09:32:23] [main/INFO] [REI] REIServerPlugin starting main-reload for END.
[09:32:23] [main/DEBUG] [REI] Reloadables (2):
[09:32:23] [main/DEBUG] [REI]  - MenuInfoRegistryImpl
[09:32:23] [main/DEBUG] [REI]  - SlotAccessorRegistryImpl
[09:32:23] [main/INFO] [REI] Plugins (4):
[09:32:23] [main/INFO] [REI]  - (-100.00) DefaultPluginImpl of DefaultPluginImpl [roughlyenoughitems]
[09:32:23] [main/INFO] [REI]  - (0.00) BackpackReiCommonPlugin of BackpackReiCommonPlugin [sophisticatedbackpacks]
[09:32:23] [main/INFO] [REI]  - (0.00) CoreReiCommonPlugin of CoreReiCommonPlugin [sophisticatedcore]
[09:32:23] [main/INFO] [REI]  - (0.00) DefaultRuntimePlugin of DefaultRuntimePlugin [roughlyenoughitems]
[09:32:23] [main/INFO] [REI] @@@@@@@@@@@@@@@@@@@@@@@@@@@@@@@@@@@@@@@@
[09:32:23] [main/TRACE] [REI] [REIServerPlugin END] Reloading Section: "start-reload/"
[09:32:23] [main/TRACE] [REI] [REIServerPlugin END] Reloading Section: "start-reload/MenuInfoRegistryImpl/"
[09:32:23] [main/TRACE] [REI] [REIServerPlugin END] Reloading Section: "start-reload/MenuInfoRegistryImpl/" done in 47.96 μs
[09:32:23] [main/TRACE] [REI] [REIServerPlugin END] Reloading Section: "start-reload/SlotAccessorRegistryImpl/"
[09:32:23] [main/TRACE] [REI] [REIServerPlugin END] Reloading Section: "start-reload/SlotAccessorRegistryImpl/" done in 42.61 μs
[09:32:23] [main/TRACE] [REI] [REIServerPlugin END] Reloading Section: "start-reload/" done in 302.3 μs
[09:32:23] [main/DEBUG] [REI] ========================================
[09:32:23] [main/DEBUG] [REI] REIServerPlugin started main-reload for END.
[09:32:23] [main/DEBUG] [REI] ========================================
[09:32:23] [main/TRACE] [REI] [REIServerPlugin END] Reloading Section: "reloadable-plugin/MenuInfoRegistryImpl/"
[09:32:23] [main/TRACE] [REI] [REIServerPlugin END] Reloading Section: "reloadable-plugin/MenuInfoRegistryImpl/DefaultPluginImpl of DefaultPluginImpl [roughlyenoughitems]/"
[09:32:23] [main/TRACE] [REI] [REIServerPlugin END] Reloading Section: "reloadable-plugin/MenuInfoRegistryImpl/DefaultPluginImpl of DefaultPluginImpl [roughlyenoughitems]/" done in 54.59 μs
[09:32:23] [main/TRACE] [REI] [REIServerPlugin END] Reloading Section: "reloadable-plugin/MenuInfoRegistryImpl/BackpackReiCommonPlugin of BackpackReiCommonPlugin [sophisticatedbackpacks]/"
[09:32:23] [main/TRACE] [REI] [REIServerPlugin END] Reloading Section: "reloadable-plugin/MenuInfoRegistryImpl/BackpackReiCommonPlugin of BackpackReiCommonPlugin [sophisticatedbackpacks]/" done in 36.91 μs
[09:32:23] [main/TRACE] [REI] [REIServerPlugin END] Reloading Section: "reloadable-plugin/MenuInfoRegistryImpl/CoreReiCommonPlugin of CoreReiCommonPlugin [sophisticatedcore]/"
[09:32:23] [main/TRACE] [REI] [REIServerPlugin END] Reloading Section: "reloadable-plugin/MenuInfoRegistryImpl/CoreReiCommonPlugin of CoreReiCommonPlugin [sophisticatedcore]/" done in 37.53 μs
[09:32:23] [main/TRACE] [REI] [REIServerPlugin END] Reloading Section: "reloadable-plugin/MenuInfoRegistryImpl/DefaultRuntimePlugin of DefaultRuntimePlugin [roughlyenoughitems]/"
[09:32:23] [main/TRACE] [REI] [REIServerPlugin END] Reloading Section: "reloadable-plugin/MenuInfoRegistryImpl/DefaultRuntimePlugin of DefaultRuntimePlugin [roughlyenoughitems]/" done in 45.49 μs
[09:32:23] [main/TRACE] [REI] [REIServerPlugin END] Reloading Section: "reloadable-plugin/MenuInfoRegistryImpl/" done in 632.2 μs
[09:32:23] [main/TRACE] [REI] [REIServerPlugin END] Reloading Section: "reloadable-plugin/SlotAccessorRegistryImpl/"
[09:32:23] [main/TRACE] [REI] [REIServerPlugin END] Reloading Section: "reloadable-plugin/SlotAccessorRegistryImpl/DefaultPluginImpl of DefaultPluginImpl [roughlyenoughitems]/"
[09:32:23] [main/TRACE] [REI] [REIServerPlugin END] Reloading Section: "reloadable-plugin/SlotAccessorRegistryImpl/DefaultPluginImpl of DefaultPluginImpl [roughlyenoughitems]/" done in 67.35 μs
[09:32:23] [main/TRACE] [REI] [REIServerPlugin END] Reloading Section: "reloadable-plugin/SlotAccessorRegistryImpl/BackpackReiCommonPlugin of BackpackReiCommonPlugin [sophisticatedbackpacks]/"
[09:32:23] [main/TRACE] [REI] [REIServerPlugin END] Reloading Section: "reloadable-plugin/SlotAccessorRegistryImpl/BackpackReiCommonPlugin of BackpackReiCommonPlugin [sophisticatedbackpacks]/" done in 56.74 μs
[09:32:23] [main/TRACE] [REI] [REIServerPlugin END] Reloading Section: "reloadable-plugin/SlotAccessorRegistryImpl/CoreReiCommonPlugin of CoreReiCommonPlugin [sophisticatedcore]/"
[09:32:23] [main/DEBUG] [REI] Added slot accessor serializer: net.p3pp3rf1y.sophisticatedcore.compat.recipeviewers.rei.CoreReiCommonPlugin$1@3b51c5e6 [sophisticatedcore:storage]
[09:32:23] [main/TRACE] [REI] [REIServerPlugin END] Reloading Section: "reloadable-plugin/SlotAccessorRegistryImpl/CoreReiCommonPlugin of CoreReiCommonPlugin [sophisticatedcore]/" done in 1.678 ms
[09:32:23] [main/TRACE] [REI] [REIServerPlugin END] Reloading Section: "reloadable-plugin/SlotAccessorRegistryImpl/DefaultRuntimePlugin of DefaultRuntimePlugin [roughlyenoughitems]/"
[09:32:23] [main/DEBUG] [REI] Added slot accessor serializer: me.shedaniel.rei.plugin.common.runtime.DefaultRuntimePlugin$1@49cbd6a7 [roughlyenoughitems:vanilla]
[09:32:23] [main/DEBUG] [REI] Added slot accessor serializer: me.shedaniel.rei.plugin.common.runtime.DefaultRuntimePlugin$2@711e8636 [roughlyenoughitems:player]
[09:32:23] [main/TRACE] [REI] [REIServerPlugin END] Reloading Section: "reloadable-plugin/SlotAccessorRegistryImpl/DefaultRuntimePlugin of DefaultRuntimePlugin [roughlyenoughitems]/" done in 1.255 ms
[09:32:23] [main/TRACE] [REI] [REIServerPlugin END] Reloading Section: "reloadable-plugin/SlotAccessorRegistryImpl/" done in 3.673 ms
[09:32:23] [main/DEBUG] [REI] ========================================
[09:32:23] [main/DEBUG] [REI] REIServerPlugin ending main-reload for END.
[09:32:23] [main/DEBUG] [REI] ========================================
[09:32:23] [main/TRACE] [REI] [REIServerPlugin END] Reloading Section: "end-reload/"
[09:32:23] [main/TRACE] [REI] [REIServerPlugin END] Reloading Section: "end-reload/MenuInfoRegistryImpl/"
[09:32:23] [main/DEBUG] [REI] Registered 0 menu infos
[09:32:23] [main/TRACE] [REI] [REIServerPlugin END] Reloading Section: "end-reload/MenuInfoRegistryImpl/" done in 186.2 μs
[09:32:23] [main/TRACE] [REI] [REIServerPlugin END] Reloading Section: "end-reload/SlotAccessorRegistryImpl/"
[09:32:23] [main/DEBUG] [REI] Registered 3 slot accessor serializers
[09:32:23] [main/TRACE] [REI] [REIServerPlugin END] Reloading Section: "end-reload/SlotAccessorRegistryImpl/" done in 127.3 μs
[09:32:23] [main/TRACE] [REI] [REIServerPlugin END] Reloading Section: "end-reload/" done in 561.7 μs
[09:32:23] [main/DEBUG] [REI] ========================================
[09:32:23] [main/DEBUG] [REI] REIServerPlugin ended main-reload for END in 7.608 ms.
[09:32:23] [main/DEBUG] [REI] ========================================
[09:32:23] [main/DEBUG] [REI] ========================================
[09:32:23] [main/DEBUG] [REI] REIPlugin starting post-reload for END.
[09:32:23] [main/DEBUG] [REI] Reloadables (7):
[09:32:23] [main/DEBUG] [REI]  - EntryTypeRegistryImpl
[09:32:23] [main/DEBUG] [REI]  - EntrySettingsAdapterRegistryImpl
[09:32:23] [main/DEBUG] [REI]  - RecipeManagerContextImpl
[09:32:23] [main/DEBUG] [REI]  - ItemComparatorRegistryImpl
[09:32:23] [main/DEBUG] [REI]  - FluidComparatorRegistryImpl
[09:32:23] [main/DEBUG] [REI]  - DisplaySerializerRegistryImpl
[09:32:23] [main/DEBUG] [REI]  - FluidSupportProviderImpl
[09:32:23] [main/DEBUG] [REI] Plugins (4):
[09:32:23] [main/DEBUG] [REI]  - (-100.00) DefaultPluginImpl of DefaultPluginImpl [roughlyenoughitems]
[09:32:23] [main/DEBUG] [REI]  - (0.00) DefaultRuntimePlugin of DefaultRuntimePlugin [roughlyenoughitems]
[09:32:23] [main/DEBUG] [REI]  - (0.00) BackpackReiCommonPlugin of BackpackReiCommonPlugin [sophisticatedbackpacks]
[09:32:23] [main/DEBUG] [REI]  - (0.00) CoreReiCommonPlugin of CoreReiCommonPlugin [sophisticatedcore]
[09:32:23] [main/DEBUG] [REI] ========================================
[09:32:23] [main/TRACE] [REI] [REIPlugin END] Reloading Section: "post-register/"
[09:32:23] [main/TRACE] [REI] [REIPlugin END] Reloading Section: "post-register/DefaultPluginImpl of DefaultPluginImpl [roughlyenoughitems]/"
[09:32:23] [main/TRACE] [REI] [REIPlugin END] Reloading Section: "post-register/DefaultPluginImpl of DefaultPluginImpl [roughlyenoughitems]/" done in 162.9 μs
[09:32:23] [main/TRACE] [REI] [REIPlugin END] Reloading Section: "post-register/DefaultRuntimePlugin of DefaultRuntimePlugin [roughlyenoughitems]/"
[09:32:23] [main/TRACE] [REI] [REIPlugin END] Reloading Section: "post-register/DefaultRuntimePlugin of DefaultRuntimePlugin [roughlyenoughitems]/" done in 46.42 μs
[09:32:23] [main/TRACE] [REI] [REIPlugin END] Reloading Section: "post-register/BackpackReiCommonPlugin of BackpackReiCommonPlugin [sophisticatedbackpacks]/"
[09:32:23] [main/TRACE] [REI] [REIPlugin END] Reloading Section: "post-register/BackpackReiCommonPlugin of BackpackReiCommonPlugin [sophisticatedbackpacks]/" done in 31.95 μs
[09:32:23] [main/TRACE] [REI] [REIPlugin END] Reloading Section: "post-register/CoreReiCommonPlugin of CoreReiCommonPlugin [sophisticatedcore]/"
[09:32:23] [main/TRACE] [REI] [REIPlugin END] Reloading Section: "post-register/CoreReiCommonPlugin of CoreReiCommonPlugin [sophisticatedcore]/" done in 28.08 μs
[09:32:23] [main/TRACE] [REI] [REIPlugin END] Reloading Section: "post-register/" done in 653.3 μs
[09:32:23] [main/TRACE] [REI] [REIPlugin END] Reloading Section: "post-stage/"
[09:32:23] [main/TRACE] [REI] [REIPlugin END] Reloading Section: "post-stage/EntryTypeRegistryImpl/"
[09:32:23] [main/TRACE] [REI] [REIPlugin END] Reloading Section: "post-stage/EntryTypeRegistryImpl/" done in 35.86 μs
[09:32:23] [main/TRACE] [REI] [REIPlugin END] Reloading Section: "post-stage/EntrySettingsAdapterRegistryImpl/"
[09:32:23] [main/TRACE] [REI] [REIPlugin END] Reloading Section: "post-stage/EntrySettingsAdapterRegistryImpl/" done in 32.11 μs
[09:32:23] [main/TRACE] [REI] [REIPlugin END] Reloading Section: "post-stage/RecipeManagerContextImpl/"
[09:32:23] [main/TRACE] [REI] [REIPlugin END] Reloading Section: "post-stage/RecipeManagerContextImpl/" done in 35.65 μs
[09:32:23] [main/TRACE] [REI] [REIPlugin END] Reloading Section: "post-stage/ItemComparatorRegistryImpl/"
[09:32:23] [main/TRACE] [REI] [REIPlugin END] Reloading Section: "post-stage/ItemComparatorRegistryImpl/" done in 35.23 μs
[09:32:23] [main/TRACE] [REI] [REIPlugin END] Reloading Section: "post-stage/FluidComparatorRegistryImpl/"
[09:32:23] [main/TRACE] [REI] [REIPlugin END] Reloading Section: "post-stage/FluidComparatorRegistryImpl/" done in 32.94 μs
[09:32:23] [main/TRACE] [REI] [REIPlugin END] Reloading Section: "post-stage/DisplaySerializerRegistryImpl/"
[09:32:23] [main/TRACE] [REI] [REIPlugin END] Reloading Section: "post-stage/DisplaySerializerRegistryImpl/" done in 24.22 μs
[09:32:23] [main/TRACE] [REI] [REIPlugin END] Reloading Section: "post-stage/FluidSupportProviderImpl/"
[09:32:23] [main/TRACE] [REI] [REIPlugin END] Reloading Section: "post-stage/FluidSupportProviderImpl/" done in 35.27 μs
[09:32:23] [main/TRACE] [REI] [REIPlugin END] Reloading Section: "post-stage/" done in 763.4 μs
[09:32:23] [main/DEBUG] [REI] ========================================
[09:32:23] [main/INFO] [REI] REIPlugin finished post-reload for END in 1.565 ms, totaling 37.47 ms.
[09:32:23] [main/DEBUG] [REI] ========================================
[09:32:23] [main/DEBUG] [REI] ========================================
[09:32:23] [main/DEBUG] [REI] REIServerPlugin starting post-reload for END.
[09:32:23] [main/DEBUG] [REI] Reloadables (2):
[09:32:23] [main/DEBUG] [REI]  - MenuInfoRegistryImpl
[09:32:23] [main/DEBUG] [REI]  - SlotAccessorRegistryImpl
[09:32:23] [main/DEBUG] [REI] Plugins (4):
[09:32:23] [main/DEBUG] [REI]  - (-100.00) DefaultPluginImpl of DefaultPluginImpl [roughlyenoughitems]
[09:32:23] [main/DEBUG] [REI]  - (0.00) BackpackReiCommonPlugin of BackpackReiCommonPlugin [sophisticatedbackpacks]
[09:32:23] [main/DEBUG] [REI]  - (0.00) CoreReiCommonPlugin of CoreReiCommonPlugin [sophisticatedcore]
[09:32:23] [main/DEBUG] [REI]  - (0.00) DefaultRuntimePlugin of DefaultRuntimePlugin [roughlyenoughitems]
[09:32:23] [main/DEBUG] [REI] ========================================
[09:32:23] [main/TRACE] [REI] [REIServerPlugin END] Reloading Section: "post-register/"
[09:32:23] [main/TRACE] [REI] [REIServerPlugin END] Reloading Section: "post-register/DefaultPluginImpl of DefaultPluginImpl [roughlyenoughitems]/"
[09:32:23] [main/TRACE] [REI] [REIServerPlugin END] Reloading Section: "post-register/DefaultPluginImpl of DefaultPluginImpl [roughlyenoughitems]/" done in 35.34 μs
[09:32:23] [main/TRACE] [REI] [REIServerPlugin END] Reloading Section: "post-register/BackpackReiCommonPlugin of BackpackReiCommonPlugin [sophisticatedbackpacks]/"
[09:32:23] [main/TRACE] [REI] [REIServerPlugin END] Reloading Section: "post-register/BackpackReiCommonPlugin of BackpackReiCommonPlugin [sophisticatedbackpacks]/" done in 75.66 μs
[09:32:23] [main/TRACE] [REI] [REIServerPlugin END] Reloading Section: "post-register/CoreReiCommonPlugin of CoreReiCommonPlugin [sophisticatedcore]/"
[09:32:23] [main/TRACE] [REI] [REIServerPlugin END] Reloading Section: "post-register/CoreReiCommonPlugin of CoreReiCommonPlugin [sophisticatedcore]/" done in 39.43 μs
[09:32:23] [main/TRACE] [REI] [REIServerPlugin END] Reloading Section: "post-register/DefaultRuntimePlugin of DefaultRuntimePlugin [roughlyenoughitems]/"
[09:32:23] [main/TRACE] [REI] [REIServerPlugin END] Reloading Section: "post-register/DefaultRuntimePlugin of DefaultRuntimePlugin [roughlyenoughitems]/" done in 46.13 μs
[09:32:23] [main/TRACE] [REI] [REIServerPlugin END] Reloading Section: "post-register/" done in 621.6 μs
[09:32:23] [main/TRACE] [REI] [REIServerPlugin END] Reloading Section: "post-stage/"
[09:32:23] [main/TRACE] [REI] [REIServerPlugin END] Reloading Section: "post-stage/MenuInfoRegistryImpl/"
[09:32:23] [main/TRACE] [REI] [REIServerPlugin END] Reloading Section: "post-stage/MenuInfoRegistryImpl/" done in 45.71 μs
[09:32:23] [main/TRACE] [REI] [REIServerPlugin END] Reloading Section: "post-stage/SlotAccessorRegistryImpl/"
[09:32:23] [main/TRACE] [REI] [REIServerPlugin END] Reloading Section: "post-stage/SlotAccessorRegistryImpl/" done in 42.88 μs
[09:32:23] [main/TRACE] [REI] [REIServerPlugin END] Reloading Section: "post-stage/" done in 295.2 μs
[09:32:23] [main/DEBUG] [REI] ========================================
[09:32:23] [main/INFO] [REI] REIServerPlugin finished post-reload for END in 1.062 ms, totaling 9.760 ms.
[09:32:23] [main/DEBUG] [REI] ========================================
